2025-05-29 22:26:04 - Finishing content for file: PALL.tex
2025-05-29 22:26:57 - Finishing content for file: solutionPALL.tex
2025-05-29 22:27:00 - Finishing references and alignments for file: PALL.tex
2025-05-29 22:27:00 - PDF generation finished for file: PALL.tex
2025-05-29 22:27:19 - Finishing references and alignments for file: solutionPALL.tex
2025-05-29 22:27:19 - PDF generation finished for file: solutionPALL.tex
2025-05-29 22:27:19 - Removed file: ./generated\PALL\fonts\DMSerifDisplay\DMSerifDisplay-Italic.ttf
2025-05-29 22:27:19 - Removed file: ./generated\PALL\fonts\DMSerifDisplay\DMSerifDisplay-Regular.ttf
2025-05-29 22:27:19 - Removed file: ./generated\PALL\fonts\DMSerifDisplay\OFL.txt
2025-05-29 22:27:19 - Removed file: ./generated\PALL\fonts\EBGaramond\static\EBGaramond-Bold.ttf
2025-05-29 22:27:19 - Removed file: ./generated\PALL\fonts\EBGaramond\static\EBGaramond-BoldItalic.ttf
2025-05-29 22:27:19 - Removed file: ./generated\PALL\fonts\EBGaramond\static\EBGaramond-ExtraBold.ttf
2025-05-29 22:27:19 - Removed file: ./generated\PALL\fonts\EBGaramond\static\EBGaramond-ExtraBoldItalic.ttf
2025-05-29 22:27:19 - Removed file: ./generated\PALL\fonts\EBGaramond\static\EBGaramond-Italic.ttf
2025-05-29 22:27:19 - Removed file: ./generated\PALL\fonts\EBGaramond\static\EBGaramond-Medium.ttf
2025-05-29 22:27:19 - Removed file: ./generated\PALL\fonts\EBGaramond\static\EBGaramond-MediumItalic.ttf
2025-05-29 22:27:19 - Removed file: ./generated\PALL\fonts\EBGaramond\static\EBGaramond-Regular.ttf
2025-05-29 22:27:19 - Removed file: ./generated\PALL\fonts\EBGaramond\static\EBGaramond-SemiBold.ttf
2025-05-29 22:27:19 - Removed file: ./generated\PALL\fonts\EBGaramond\static\EBGaramond-SemiBoldItalic.ttf
2025-05-29 22:27:19 - Removed file: ./generated\PALL\fonts\EBGaramond\EBGaramond-Italic-VariableFont_wght.ttf
2025-05-29 22:27:19 - Removed file: ./generated\PALL\fonts\EBGaramond\EBGaramond-VariableFont_wght.ttf
2025-05-29 22:27:19 - Removed file: ./generated\PALL\fonts\EBGaramond\OFL.txt
2025-05-29 22:27:19 - Removed file: ./generated\PALL\fonts\EBGaramond\README.txt
2025-05-29 22:27:19 - Removed empty directory: ./generated\PALL\fonts\EBGaramond\static
2025-05-29 22:27:19 - Removed file: ./generated\PALL\fonts\NotoSerifCJK-VF.ttf
2025-05-29 22:27:19 - Removed file: ./generated\PALL\fonts\NotoSerifCJK-VF.ttc
2025-05-29 22:27:19 - Removed file: ./generated\PALL\fonts\NotoSerifCJK.ttc
2025-05-29 22:27:19 - Removed empty directory: ./generated\PALL\fonts\DMSerifDisplay
2025-05-29 22:27:19 - Removed empty directory: ./generated\PALL\fonts\EBGaramond
2025-05-29 22:27:19 - Removed file: ./generated\PALL\banko.cls
2025-05-29 22:27:19 - Removed file: ./generated\PALL\PALL.tex
2025-05-29 22:27:19 - Removed file: ./generated\PALL\PALL.log
2025-05-29 22:27:19 - Removed file: ./generated\PALL\PALL.aux
2025-05-29 22:27:19 - Removed file: ./generated\PALL\PALL.out
2025-05-29 22:27:19 - Removed file: ./generated\PALL\PALL.bcf
2025-05-29 22:27:19 - Removed file: ./generated\PALL\PALL.toc
2025-05-29 22:27:19 - Removed file: ./generated\PALL\PALL.run.xml
2025-05-29 22:27:19 - Removed file: ./generated\PALL\PALL.synctex.gz
2025-05-29 22:27:19 - Removed empty directory: ./generated\PALL\fonts
2025-05-29 22:27:19 - Removed file: ./generated\solutionPALL\fonts\DMSerifDisplay\DMSerifDisplay-Italic.ttf
2025-05-29 22:27:19 - Removed file: ./generated\solutionPALL\fonts\DMSerifDisplay\DMSerifDisplay-Regular.ttf
2025-05-29 22:27:19 - Removed file: ./generated\solutionPALL\fonts\DMSerifDisplay\OFL.txt
2025-05-29 22:27:19 - Removed file: ./generated\solutionPALL\fonts\EBGaramond\static\EBGaramond-Bold.ttf
2025-05-29 22:27:19 - Removed file: ./generated\solutionPALL\fonts\EBGaramond\static\EBGaramond-BoldItalic.ttf
2025-05-29 22:27:19 - Removed file: ./generated\solutionPALL\fonts\EBGaramond\static\EBGaramond-ExtraBold.ttf
2025-05-29 22:27:19 - Removed file: ./generated\solutionPALL\fonts\EBGaramond\static\EBGaramond-ExtraBoldItalic.ttf
2025-05-29 22:27:19 - Removed file: ./generated\solutionPALL\fonts\EBGaramond\static\EBGaramond-Italic.ttf
2025-05-29 22:27:19 - Removed file: ./generated\solutionPALL\fonts\EBGaramond\static\EBGaramond-Medium.ttf
2025-05-29 22:27:19 - Removed file: ./generated\solutionPALL\fonts\EBGaramond\static\EBGaramond-MediumItalic.ttf
2025-05-29 22:27:19 - Removed file: ./generated\solutionPALL\fonts\EBGaramond\static\EBGaramond-Regular.ttf
2025-05-29 22:27:19 - Removed file: ./generated\solutionPALL\fonts\EBGaramond\static\EBGaramond-SemiBold.ttf
2025-05-29 22:27:19 - Removed file: ./generated\solutionPALL\fonts\EBGaramond\static\EBGaramond-SemiBoldItalic.ttf
2025-05-29 22:27:19 - Removed file: ./generated\solutionPALL\fonts\EBGaramond\EBGaramond-Italic-VariableFont_wght.ttf
2025-05-29 22:27:19 - Removed file: ./generated\solutionPALL\fonts\EBGaramond\EBGaramond-VariableFont_wght.ttf
2025-05-29 22:27:19 - Removed file: ./generated\solutionPALL\fonts\EBGaramond\OFL.txt
2025-05-29 22:27:19 - Removed file: ./generated\solutionPALL\fonts\EBGaramond\README.txt
2025-05-29 22:27:19 - Removed empty directory: ./generated\solutionPALL\fonts\EBGaramond\static
2025-05-29 22:27:19 - Removed file: ./generated\solutionPALL\fonts\NotoSerifCJK-VF.ttf
2025-05-29 22:27:19 - Removed file: ./generated\solutionPALL\fonts\NotoSerifCJK-VF.ttc
2025-05-29 22:27:19 - Removed file: ./generated\solutionPALL\fonts\NotoSerifCJK.ttc
2025-05-29 22:27:19 - Removed empty directory: ./generated\solutionPALL\fonts\DMSerifDisplay
2025-05-29 22:27:19 - Removed empty directory: ./generated\solutionPALL\fonts\EBGaramond
2025-05-29 22:27:19 - Removed file: ./generated\solutionPALL\banko.cls
2025-05-29 22:27:19 - Removed file: ./generated\solutionPALL\solutionPALL.tex
2025-05-29 22:27:19 - Removed file: ./generated\solutionPALL\solutionPALL.log
2025-05-29 22:27:19 - Removed file: ./generated\solutionPALL\solutionPALL.aux
2025-05-29 22:27:19 - Removed file: ./generated\solutionPALL\solutionPALL.out
2025-05-29 22:27:19 - Removed file: ./generated\solutionPALL\solutionPALL.bcf
2025-05-29 22:27:19 - Removed file: ./generated\solutionPALL\solutionPALL.toc
2025-05-29 22:27:19 - Removed file: ./generated\solutionPALL\solutionPALL.run.xml
2025-05-29 22:27:19 - Removed file: ./generated\solutionPALL\solutionPALL.synctex.gz
2025-05-29 22:27:19 - Removed empty directory: ./generated\solutionPALL\fonts
2025-05-29 22:27:19 - Removed file: ./generated\exercise\de\No.1\PALL_No.1_de.tex
2025-05-29 22:27:19 - Removed file: ./generated\exercise\de\No.4-1\PALL_No.4-1_de.tex
2025-05-29 22:27:19 - Removed file: ./generated\exercise\de\No.4-2\PALL_No.4-2_de.tex
2025-05-29 22:27:19 - Removed file: ./generated\exercise\de\No.4-3\PALL_No.4-3_de.tex
2025-05-29 22:27:19 - Removed file: ./generated\exercise\de\No.4-4\PALL_No.4-4_de.tex
2025-05-29 22:27:19 - Removed file: ./generated\exercise\de\No.5\PALL_No.5_de.tex
2025-05-29 22:27:19 - Removed file: ./generated\exercise\de\No.6\PALL_No.6_de.tex
2025-05-29 22:27:19 - Removed file: ./generated\exercise\de\No.7\PALL_No.7_de.tex
2025-05-29 22:27:19 - Removed file: ./generated\exercise\de\No.8\PALL_No.8_de.tex
2025-05-29 22:27:19 - Removed file: ./generated\exercise\de\Test.1\PALL_Test.1_de.tex
2025-05-29 22:27:19 - Removed file: ./generated\exercise\de\Test.2\PALL_Test.2_de.tex
2025-05-29 22:27:19 - Removed file: ./generated\exercise\de\Test.3\PALL_Test.3_de.tex
2025-05-29 22:27:19 - Removed file: ./generated\exercise\de\No.9\PALL_No.9_de.tex
2025-05-29 22:27:19 - Removed file: ./generated\exercise\de\No.10\PALL_No.10_de.tex
2025-05-29 22:27:19 - Removed file: ./generated\exercise\de\No.14\PALL_No.14_de.tex
2025-05-29 22:27:19 - Removed file: ./generated\exercise\de\No.15\PALL_No.15_de.tex
2025-05-29 22:27:19 - Removed file: ./generated\exercise\de\No.16\PALL_No.16_de.tex
2025-05-29 22:27:19 - Removed file: ./generated\exercise\de\No.17\PALL_No.17_de.tex
2025-05-29 22:27:19 - Removed file: ./generated\exercise\de\No.23\PALL_No.23_de.tex
2025-05-29 22:27:19 - Removed file: ./generated\exercise\de\No.24\PALL_No.24_de.tex
2025-05-29 22:27:19 - Removed file: ./generated\exercise\de\No.25\PALL_No.25_de.tex
2025-05-29 22:27:19 - Removed empty directory: ./generated\exercise\de\No.1
2025-05-29 22:27:19 - Removed empty directory: ./generated\exercise\de\No.4-1
2025-05-29 22:27:19 - Removed empty directory: ./generated\exercise\de\No.4-2
2025-05-29 22:27:19 - Removed empty directory: ./generated\exercise\de\No.4-3
2025-05-29 22:27:19 - Removed empty directory: ./generated\exercise\de\No.4-4
2025-05-29 22:27:19 - Removed empty directory: ./generated\exercise\de\No.5
2025-05-29 22:27:19 - Removed empty directory: ./generated\exercise\de\No.6
2025-05-29 22:27:19 - Removed empty directory: ./generated\exercise\de\No.7
2025-05-29 22:27:19 - Removed empty directory: ./generated\exercise\de\No.8
2025-05-29 22:27:19 - Removed empty directory: ./generated\exercise\de\Test.1
2025-05-29 22:27:19 - Removed empty directory: ./generated\exercise\de\Test.2
2025-05-29 22:27:19 - Removed empty directory: ./generated\exercise\de\Test.3
2025-05-29 22:27:19 - Removed empty directory: ./generated\exercise\de\No.9
2025-05-29 22:27:19 - Removed empty directory: ./generated\exercise\de\No.10
2025-05-29 22:27:19 - Removed empty directory: ./generated\exercise\de\No.14
2025-05-29 22:27:19 - Removed empty directory: ./generated\exercise\de\No.15
2025-05-29 22:27:19 - Removed empty directory: ./generated\exercise\de\No.16
2025-05-29 22:27:19 - Removed empty directory: ./generated\exercise\de\No.17
2025-05-29 22:27:19 - Removed empty directory: ./generated\exercise\de\No.23
2025-05-29 22:27:19 - Removed empty directory: ./generated\exercise\de\No.24
2025-05-29 22:27:19 - Removed empty directory: ./generated\exercise\de\No.25
2025-05-29 22:27:19 - Removed file: ./generated\exercise\en\No.1\PALL_No.1_en.tex
2025-05-29 22:27:19 - Removed file: ./generated\exercise\en\No.4-1\PALL_No.4-1_en.tex
2025-05-29 22:27:19 - Removed file: ./generated\exercise\en\No.4-2\PALL_No.4-2_en.tex
2025-05-29 22:27:19 - Removed file: ./generated\exercise\en\No.4-3\PALL_No.4-3_en.tex
2025-05-29 22:27:19 - Removed file: ./generated\exercise\en\No.4-4\PALL_No.4-4_en.tex
2025-05-29 22:27:19 - Removed file: ./generated\exercise\en\No.5\PALL_No.5_en.tex
2025-05-29 22:27:19 - Removed file: ./generated\exercise\en\No.6\PALL_No.6_en.tex
2025-05-29 22:27:19 - Removed file: ./generated\exercise\en\No.7\PALL_No.7_en.tex
2025-05-29 22:27:19 - Removed file: ./generated\exercise\en\No.8\PALL_No.8_en.tex
2025-05-29 22:27:19 - Removed file: ./generated\exercise\en\Test.1\PALL_Test.1_en.tex
2025-05-29 22:27:19 - Removed file: ./generated\exercise\en\Test.2\PALL_Test.2_en.tex
2025-05-29 22:27:19 - Removed file: ./generated\exercise\en\Test.3\PALL_Test.3_en.tex
2025-05-29 22:27:19 - Removed file: ./generated\exercise\en\No.9\PALL_No.9_en.tex
2025-05-29 22:27:19 - Removed file: ./generated\exercise\en\No.10\PALL_No.10_en.tex
2025-05-29 22:27:19 - Removed file: ./generated\exercise\en\No.14\PALL_No.14_en.tex
2025-05-29 22:27:19 - Removed file: ./generated\exercise\en\No.15\PALL_No.15_en.tex
2025-05-29 22:27:19 - Removed file: ./generated\exercise\en\No.16\PALL_No.16_en.tex
2025-05-29 22:27:19 - Removed file: ./generated\exercise\en\No.17\PALL_No.17_en.tex
2025-05-29 22:27:19 - Removed file: ./generated\exercise\en\No.23\PALL_No.23_en.tex
2025-05-29 22:27:19 - Removed file: ./generated\exercise\en\No.24\PALL_No.24_en.tex
2025-05-29 22:27:19 - Removed file: ./generated\exercise\en\No.25\PALL_No.25_en.tex
2025-05-29 22:27:19 - Removed empty directory: ./generated\exercise\en\No.1
2025-05-29 22:27:19 - Removed empty directory: ./generated\exercise\en\No.4-1
2025-05-29 22:27:19 - Removed empty directory: ./generated\exercise\en\No.4-2
2025-05-29 22:27:19 - Removed empty directory: ./generated\exercise\en\No.4-3
2025-05-29 22:27:19 - Removed empty directory: ./generated\exercise\en\No.4-4
2025-05-29 22:27:19 - Removed empty directory: ./generated\exercise\en\No.5
2025-05-29 22:27:19 - Removed empty directory: ./generated\exercise\en\No.6
2025-05-29 22:27:19 - Removed empty directory: ./generated\exercise\en\No.7
2025-05-29 22:27:19 - Removed empty directory: ./generated\exercise\en\No.8
2025-05-29 22:27:19 - Removed empty directory: ./generated\exercise\en\Test.1
2025-05-29 22:27:19 - Removed empty directory: ./generated\exercise\en\Test.2
2025-05-29 22:27:19 - Removed empty directory: ./generated\exercise\en\Test.3
2025-05-29 22:27:19 - Removed empty directory: ./generated\exercise\en\No.9
2025-05-29 22:27:19 - Removed empty directory: ./generated\exercise\en\No.10
2025-05-29 22:27:19 - Removed empty directory: ./generated\exercise\en\No.14
2025-05-29 22:27:19 - Removed empty directory: ./generated\exercise\en\No.15
2025-05-29 22:27:19 - Removed empty directory: ./generated\exercise\en\No.16
2025-05-29 22:27:19 - Removed empty directory: ./generated\exercise\en\No.17
2025-05-29 22:27:19 - Removed empty directory: ./generated\exercise\en\No.23
2025-05-29 22:27:19 - Removed empty directory: ./generated\exercise\en\No.24
2025-05-29 22:27:19 - Removed empty directory: ./generated\exercise\en\No.25
2025-05-29 22:27:19 - Removed file: ./generated\exercise\fr\No.1\PALL_No.1_fr.tex
2025-05-29 22:27:19 - Removed file: ./generated\exercise\fr\No.14\PALL_No.14_fr.tex
2025-05-29 22:27:19 - Removed file: ./generated\exercise\fr\No.15\PALL_No.15_fr.tex
2025-05-29 22:27:19 - Removed file: ./generated\exercise\fr\No.16\PALL_No.16_fr.tex
2025-05-29 22:27:19 - Removed file: ./generated\exercise\fr\No.17\PALL_No.17_fr.tex
2025-05-29 22:27:19 - Removed file: ./generated\exercise\fr\No.23\PALL_No.23_fr.tex
2025-05-29 22:27:19 - Removed file: ./generated\exercise\fr\No.24\PALL_No.24_fr.tex
2025-05-29 22:27:19 - Removed file: ./generated\exercise\fr\No.25\PALL_No.25_fr.tex
2025-05-29 22:27:19 - Removed empty directory: ./generated\exercise\fr\No.1
2025-05-29 22:27:19 - Removed empty directory: ./generated\exercise\fr\No.14
2025-05-29 22:27:19 - Removed empty directory: ./generated\exercise\fr\No.15
2025-05-29 22:27:19 - Removed empty directory: ./generated\exercise\fr\No.16
2025-05-29 22:27:19 - Removed empty directory: ./generated\exercise\fr\No.17
2025-05-29 22:27:19 - Removed empty directory: ./generated\exercise\fr\No.23
2025-05-29 22:27:19 - Removed empty directory: ./generated\exercise\fr\No.24
2025-05-29 22:27:19 - Removed empty directory: ./generated\exercise\fr\No.25
2025-05-29 22:27:19 - Removed file: ./generated\exercise\jp\No.14\PALL_No.14_jp.tex
2025-05-29 22:27:19 - Removed file: ./generated\exercise\jp\No.15\PALL_No.15_jp.tex
2025-05-29 22:27:19 - Removed file: ./generated\exercise\jp\No.16\PALL_No.16_jp.tex
2025-05-29 22:27:19 - Removed file: ./generated\exercise\jp\No.17\PALL_No.17_jp.tex
2025-05-29 22:27:19 - Removed file: ./generated\exercise\jp\No.23\PALL_No.23_jp.tex
2025-05-29 22:27:19 - Removed file: ./generated\exercise\jp\No.24\PALL_No.24_jp.tex
2025-05-29 22:27:19 - Removed file: ./generated\exercise\jp\No.25\PALL_No.25_jp.tex
2025-05-29 22:27:19 - Removed empty directory: ./generated\exercise\jp\No.14
2025-05-29 22:27:19 - Removed empty directory: ./generated\exercise\jp\No.15
2025-05-29 22:27:19 - Removed empty directory: ./generated\exercise\jp\No.16
2025-05-29 22:27:19 - Removed empty directory: ./generated\exercise\jp\No.17
2025-05-29 22:27:19 - Removed empty directory: ./generated\exercise\jp\No.23
2025-05-29 22:27:19 - Removed empty directory: ./generated\exercise\jp\No.24
2025-05-29 22:27:19 - Removed empty directory: ./generated\exercise\jp\No.25
2025-05-29 22:27:19 - Removed file: ./generated\exercise\kr\No.17\PALL_No.17_kr.tex
2025-05-29 22:27:19 - Removed file: ./generated\exercise\kr\No.23\PALL_No.23_kr.tex
2025-05-29 22:27:19 - Removed file: ./generated\exercise\kr\No.24\PALL_No.24_kr.tex
2025-05-29 22:27:19 - Removed file: ./generated\exercise\kr\No.25\PALL_No.25_kr.tex
2025-05-29 22:27:19 - Removed empty directory: ./generated\exercise\kr\No.17
2025-05-29 22:27:19 - Removed empty directory: ./generated\exercise\kr\No.23
2025-05-29 22:27:19 - Removed empty directory: ./generated\exercise\kr\No.24
2025-05-29 22:27:19 - Removed empty directory: ./generated\exercise\kr\No.25
2025-05-29 22:27:19 - Removed file: ./generated\exercise\zh\No.23\PALL_No.23_zh.tex
2025-05-29 22:27:19 - Removed file: ./generated\exercise\zh\No.24\PALL_No.24_zh.tex
2025-05-29 22:27:19 - Removed file: ./generated\exercise\zh\No.25\PALL_No.25_zh.tex
2025-05-29 22:27:19 - Removed empty directory: ./generated\exercise\zh\No.23
2025-05-29 22:27:19 - Removed empty directory: ./generated\exercise\zh\No.24
2025-05-29 22:27:19 - Removed empty directory: ./generated\exercise\zh\No.25
2025-05-29 22:27:19 - Removed empty directory: ./generated\exercise\de
2025-05-29 22:27:19 - Removed empty directory: ./generated\exercise\en
2025-05-29 22:27:19 - Removed empty directory: ./generated\exercise\fr
2025-05-29 22:27:19 - Removed empty directory: ./generated\exercise\jp
2025-05-29 22:27:19 - Removed empty directory: ./generated\exercise\kr
2025-05-29 22:27:19 - Removed empty directory: ./generated\exercise\zh
2025-05-29 22:27:19 - Removed file: ./generated\solution\de\No.1\PALL_No.1_de.tex
2025-05-29 22:27:19 - Removed file: ./generated\solution\de\No.4-1\PALL_No.4-1_de.tex
2025-05-29 22:27:19 - Removed file: ./generated\solution\de\No.4-2\PALL_No.4-2_de.tex
2025-05-29 22:27:19 - Removed file: ./generated\solution\de\No.4-3\PALL_No.4-3_de.tex
2025-05-29 22:27:19 - Removed file: ./generated\solution\de\No.4-4\PALL_No.4-4_de.tex
2025-05-29 22:27:19 - Removed file: ./generated\solution\de\No.5\PALL_No.5_de.tex
2025-05-29 22:27:19 - Removed file: ./generated\solution\de\No.6\PALL_No.6_de.tex
2025-05-29 22:27:19 - Removed file: ./generated\solution\de\No.7\PALL_No.7_de.tex
2025-05-29 22:27:19 - Removed file: ./generated\solution\de\No.8\PALL_No.8_de.tex
2025-05-29 22:27:19 - Removed file: ./generated\solution\de\Test.1\PALL_Test.1_de.tex
2025-05-29 22:27:19 - Removed file: ./generated\solution\de\Test.2\PALL_Test.2_de.tex
2025-05-29 22:27:19 - Removed file: ./generated\solution\de\Test.3\PALL_Test.3_de.tex
2025-05-29 22:27:19 - Removed file: ./generated\solution\de\No.9\PALL_No.9_de.tex
2025-05-29 22:27:19 - Removed file: ./generated\solution\de\No.10\PALL_No.10_de.tex
2025-05-29 22:27:19 - Removed file: ./generated\solution\de\No.14\PALL_No.14_de.tex
2025-05-29 22:27:19 - Removed file: ./generated\solution\de\No.15\PALL_No.15_de.tex
2025-05-29 22:27:19 - Removed file: ./generated\solution\de\No.16\PALL_No.16_de.tex
2025-05-29 22:27:19 - Removed file: ./generated\solution\de\No.17\PALL_No.17_de.tex
2025-05-29 22:27:19 - Removed file: ./generated\solution\de\No.23\PALL_No.23_de.tex
2025-05-29 22:27:19 - Removed file: ./generated\solution\de\No.24\PALL_No.24_de.tex
2025-05-29 22:27:19 - Removed file: ./generated\solution\de\No.25\PALL_No.25_de.tex
2025-05-29 22:27:19 - Removed empty directory: ./generated\solution\de\No.1
2025-05-29 22:27:19 - Removed empty directory: ./generated\solution\de\No.4-1
2025-05-29 22:27:19 - Removed empty directory: ./generated\solution\de\No.4-2
2025-05-29 22:27:19 - Removed empty directory: ./generated\solution\de\No.4-3
2025-05-29 22:27:19 - Removed empty directory: ./generated\solution\de\No.4-4
2025-05-29 22:27:19 - Removed empty directory: ./generated\solution\de\No.5
2025-05-29 22:27:19 - Removed empty directory: ./generated\solution\de\No.6
2025-05-29 22:27:19 - Removed empty directory: ./generated\solution\de\No.7
2025-05-29 22:27:19 - Removed empty directory: ./generated\solution\de\No.8
2025-05-29 22:27:19 - Removed empty directory: ./generated\solution\de\Test.1
2025-05-29 22:27:19 - Removed empty directory: ./generated\solution\de\Test.2
2025-05-29 22:27:19 - Removed empty directory: ./generated\solution\de\Test.3
2025-05-29 22:27:19 - Removed empty directory: ./generated\solution\de\No.9
2025-05-29 22:27:19 - Removed empty directory: ./generated\solution\de\No.10
2025-05-29 22:27:19 - Removed empty directory: ./generated\solution\de\No.14
2025-05-29 22:27:19 - Removed empty directory: ./generated\solution\de\No.15
2025-05-29 22:27:19 - Removed empty directory: ./generated\solution\de\No.16
2025-05-29 22:27:19 - Removed empty directory: ./generated\solution\de\No.17
2025-05-29 22:27:19 - Removed empty directory: ./generated\solution\de\No.23
2025-05-29 22:27:19 - Removed empty directory: ./generated\solution\de\No.24
2025-05-29 22:27:19 - Removed empty directory: ./generated\solution\de\No.25
2025-05-29 22:27:19 - Removed file: ./generated\solution\en\No.1\PALL_No.1_en.tex
2025-05-29 22:27:19 - Removed file: ./generated\solution\en\No.4-1\PALL_No.4-1_en.tex
2025-05-29 22:27:19 - Removed file: ./generated\solution\en\No.4-2\PALL_No.4-2_en.tex
2025-05-29 22:27:19 - Removed file: ./generated\solution\en\No.4-3\PALL_No.4-3_en.tex
2025-05-29 22:27:19 - Removed file: ./generated\solution\en\No.4-4\PALL_No.4-4_en.tex
2025-05-29 22:27:19 - Removed file: ./generated\solution\en\No.5\PALL_No.5_en.tex
2025-05-29 22:27:19 - Removed file: ./generated\solution\en\No.6\PALL_No.6_en.tex
2025-05-29 22:27:19 - Removed file: ./generated\solution\en\No.7\PALL_No.7_en.tex
2025-05-29 22:27:19 - Removed file: ./generated\solution\en\No.8\PALL_No.8_en.tex
2025-05-29 22:27:19 - Removed file: ./generated\solution\en\Test.1\PALL_Test.1_en.tex
2025-05-29 22:27:19 - Removed file: ./generated\solution\en\Test.2\PALL_Test.2_en.tex
2025-05-29 22:27:19 - Removed file: ./generated\solution\en\Test.3\PALL_Test.3_en.tex
2025-05-29 22:27:19 - Removed file: ./generated\solution\en\No.9\PALL_No.9_en.tex
2025-05-29 22:27:19 - Removed file: ./generated\solution\en\No.10\PALL_No.10_en.tex
2025-05-29 22:27:19 - Removed file: ./generated\solution\en\No.14\PALL_No.14_en.tex
2025-05-29 22:27:19 - Removed file: ./generated\solution\en\No.15\PALL_No.15_en.tex
2025-05-29 22:27:19 - Removed file: ./generated\solution\en\No.16\PALL_No.16_en.tex
2025-05-29 22:27:19 - Removed file: ./generated\solution\en\No.17\PALL_No.17_en.tex
2025-05-29 22:27:19 - Removed file: ./generated\solution\en\No.23\PALL_No.23_en.tex
2025-05-29 22:27:19 - Removed file: ./generated\solution\en\No.24\PALL_No.24_en.tex
2025-05-29 22:27:19 - Removed file: ./generated\solution\en\No.25\PALL_No.25_en.tex
2025-05-29 22:27:19 - Removed empty directory: ./generated\solution\en\No.1
2025-05-29 22:27:19 - Removed empty directory: ./generated\solution\en\No.4-1
2025-05-29 22:27:19 - Removed empty directory: ./generated\solution\en\No.4-2
2025-05-29 22:27:19 - Removed empty directory: ./generated\solution\en\No.4-3
2025-05-29 22:27:19 - Removed empty directory: ./generated\solution\en\No.4-4
2025-05-29 22:27:19 - Removed empty directory: ./generated\solution\en\No.5
2025-05-29 22:27:19 - Removed empty directory: ./generated\solution\en\No.6
2025-05-29 22:27:19 - Removed empty directory: ./generated\solution\en\No.7
2025-05-29 22:27:19 - Removed empty directory: ./generated\solution\en\No.8
2025-05-29 22:27:19 - Removed empty directory: ./generated\solution\en\Test.1
2025-05-29 22:27:19 - Removed empty directory: ./generated\solution\en\Test.2
2025-05-29 22:27:19 - Removed empty directory: ./generated\solution\en\Test.3
2025-05-29 22:27:19 - Removed empty directory: ./generated\solution\en\No.9
2025-05-29 22:27:19 - Removed empty directory: ./generated\solution\en\No.10
2025-05-29 22:27:19 - Removed empty directory: ./generated\solution\en\No.14
2025-05-29 22:27:19 - Removed empty directory: ./generated\solution\en\No.15
2025-05-29 22:27:19 - Removed empty directory: ./generated\solution\en\No.16
2025-05-29 22:27:19 - Removed empty directory: ./generated\solution\en\No.17
2025-05-29 22:27:19 - Removed empty directory: ./generated\solution\en\No.23
2025-05-29 22:27:20 - Removed empty directory: ./generated\solution\en\No.24
2025-05-29 22:27:20 - Removed empty directory: ./generated\solution\en\No.25
2025-05-29 22:27:20 - Removed file: ./generated\solution\fr\No.1\PALL_No.1_fr.tex
2025-05-29 22:27:20 - Removed file: ./generated\solution\fr\No.14\PALL_No.14_fr.tex
2025-05-29 22:27:20 - Removed file: ./generated\solution\fr\No.15\PALL_No.15_fr.tex
2025-05-29 22:27:20 - Removed file: ./generated\solution\fr\No.16\PALL_No.16_fr.tex
2025-05-29 22:27:20 - Removed file: ./generated\solution\fr\No.17\PALL_No.17_fr.tex
2025-05-29 22:27:20 - Removed file: ./generated\solution\fr\No.23\PALL_No.23_fr.tex
2025-05-29 22:27:20 - Removed file: ./generated\solution\fr\No.24\PALL_No.24_fr.tex
2025-05-29 22:27:20 - Removed file: ./generated\solution\fr\No.25\PALL_No.25_fr.tex
2025-05-29 22:27:20 - Removed empty directory: ./generated\solution\fr\No.1
2025-05-29 22:27:20 - Removed empty directory: ./generated\solution\fr\No.14
2025-05-29 22:27:20 - Removed empty directory: ./generated\solution\fr\No.15
2025-05-29 22:27:20 - Removed empty directory: ./generated\solution\fr\No.16
2025-05-29 22:27:20 - Removed empty directory: ./generated\solution\fr\No.17
2025-05-29 22:27:20 - Removed empty directory: ./generated\solution\fr\No.23
2025-05-29 22:27:20 - Removed empty directory: ./generated\solution\fr\No.24
2025-05-29 22:27:20 - Removed empty directory: ./generated\solution\fr\No.25
2025-05-29 22:27:20 - Removed file: ./generated\solution\jp\No.14\PALL_No.14_jp.tex
2025-05-29 22:27:20 - Removed file: ./generated\solution\jp\No.15\PALL_No.15_jp.tex
2025-05-29 22:27:20 - Removed file: ./generated\solution\jp\No.16\PALL_No.16_jp.tex
2025-05-29 22:27:20 - Removed file: ./generated\solution\jp\No.17\PALL_No.17_jp.tex
2025-05-29 22:27:20 - Removed file: ./generated\solution\jp\No.23\PALL_No.23_jp.tex
2025-05-29 22:27:20 - Removed file: ./generated\solution\jp\No.24\PALL_No.24_jp.tex
2025-05-29 22:27:20 - Removed file: ./generated\solution\jp\No.25\PALL_No.25_jp.tex
2025-05-29 22:27:20 - Removed empty directory: ./generated\solution\jp\No.14
2025-05-29 22:27:20 - Removed empty directory: ./generated\solution\jp\No.15
2025-05-29 22:27:20 - Removed empty directory: ./generated\solution\jp\No.16
2025-05-29 22:27:20 - Removed empty directory: ./generated\solution\jp\No.17
2025-05-29 22:27:20 - Removed empty directory: ./generated\solution\jp\No.23
2025-05-29 22:27:20 - Removed empty directory: ./generated\solution\jp\No.24
2025-05-29 22:27:20 - Removed empty directory: ./generated\solution\jp\No.25
2025-05-29 22:27:20 - Removed file: ./generated\solution\kr\No.17\PALL_No.17_kr.tex
2025-05-29 22:27:20 - Removed file: ./generated\solution\kr\No.23\PALL_No.23_kr.tex
2025-05-29 22:27:20 - Removed file: ./generated\solution\kr\No.24\PALL_No.24_kr.tex
2025-05-29 22:27:20 - Removed file: ./generated\solution\kr\No.25\PALL_No.25_kr.tex
2025-05-29 22:27:20 - Removed empty directory: ./generated\solution\kr\No.17
2025-05-29 22:27:20 - Removed empty directory: ./generated\solution\kr\No.23
2025-05-29 22:27:20 - Removed empty directory: ./generated\solution\kr\No.24
2025-05-29 22:27:20 - Removed empty directory: ./generated\solution\kr\No.25
2025-05-29 22:27:20 - Removed file: ./generated\solution\zh\No.23\PALL_No.23_zh.tex
2025-05-29 22:27:20 - Removed file: ./generated\solution\zh\No.24\PALL_No.24_zh.tex
2025-05-29 22:27:20 - Removed file: ./generated\solution\zh\No.25\PALL_No.25_zh.tex
2025-05-29 22:27:20 - Removed empty directory: ./generated\solution\zh\No.23
2025-05-29 22:27:20 - Removed empty directory: ./generated\solution\zh\No.24
2025-05-29 22:27:20 - Removed empty directory: ./generated\solution\zh\No.25
2025-05-29 22:27:20 - Removed empty directory: ./generated\solution\de
2025-05-29 22:27:20 - Removed empty directory: ./generated\solution\en
2025-05-29 22:27:20 - Removed empty directory: ./generated\solution\fr
2025-05-29 22:27:20 - Removed empty directory: ./generated\solution\jp
2025-05-29 22:27:20 - Removed empty directory: ./generated\solution\kr
2025-05-29 22:27:20 - Removed empty directory: ./generated\solution\zh
2025-05-29 22:27:20 - Removed empty directory: ./generated\exercise
2025-05-29 22:27:20 - Removed empty directory: ./generated\solution
2025-05-29 22:27:20 - Cleaned 'generated' directory, keeping only PDF files.
2025-05-29 22:27:20 - Execution time: 0:02:56.547556
