Log file created at 2025-05-31 22:39:46
Log file name: 2025-05-31.log
2025-05-31 22:39:46 - Version: 1.5.4-MDLS Release - with Markdown Compilation 1.3.2-Prerelease and LaTeX Syntax Checking 0.5Beta
2025-05-31 22:39:46 - Cleaned 'generated' directory, keeping only PDF files.
2025-05-31 22:39:46 - This is not an exam JSON file. Continue with normal paper generation.
2025-05-31 22:39:46 - Generating paper from JSON file
2025-05-31 22:39:46 - Processing exercise: ./exercise/n1/de/1.0/n1-de.json 1 / 88
2025-05-31 22:39:46 - Registred UUID: e89de9cb-5ccc-4512-a077-38f7b983aef4 GUID: 21c0f2a4-1b8e-4d3b-9f5c-7a6d1e0f3a2b
2025-05-31 22:39:46 - Processing exercise: ./exercise/n4/de/1.0d/n4-1-de.json 2 / 88
2025-05-31 22:39:46 - Registred UUID: 048d25c1-ea62-4ee5-b78f-342798a9da82 GUID: 05b0f2a4-1b8e-4d3b-9f5c-7a6d1e0f3a2b
2025-05-31 22:39:46 - Processing exercise: ./exercise/n4/de/1.0d/n4-2-de.json 3 / 88
2025-05-31 22:39:46 - Registred UUID: 048d25c1-ea62-4ee5-b78f-342798a9da82 GUID: 05b0f2a4-1b8e-4d3b-9f5c-23a6d1e0f3a2b
2025-05-31 22:39:46 - Processing exercise: ./exercise/n4/de/1.0d/n4-3-de.json 4 / 88
2025-05-31 22:39:46 - Registred UUID: 048d25c1-ea62-4ee5-b78f-342798a9da82 GUID: 21ac39df-1b8e-4d3b-9f5c-23a6d1e0f3a2b
2025-05-31 22:39:46 - Processing exercise: ./exercise/n4/de/1.0d/n4-4-de.json 5 / 88
2025-05-31 22:39:46 - Registred UUID: 048d25c1-ea62-4ee5-b78f-342798a9da82 GUID: 12098273-1b8e-4d3b-9f5c-23a6d1e0f3a2b
2025-05-31 22:39:46 - Processing exercise: ./exercise/n5/de/1.0/n5-de.json 6 / 88
2025-05-31 22:39:46 - Registred UUID: f4273154-ca61-44eb-a6f0-db200d780f38 GUID: 05b002a4-1b8e-4d3b-9f5c-7a6d1e0f3a2f
2025-05-31 22:39:46 - Processing exercise: ./exercise/n6/de/1.0/n6-de.json 7 / 88
2025-05-31 22:39:46 - Registred UUID: f4273154-ca61-44eb-a6f0-db200d780f39 GUID: 05b002a4-1b8e-4d3b-9f5c-2398579abc39
2025-05-31 22:39:46 - Processing exercise: ./exercise/n7/de/1.0/n7-de.json 8 / 88
2025-05-31 22:39:46 - Registred UUID: a2473154-ca61-44eb-a6f0-db200d780f39 GUID: 023cf134-1073-4d3b-9f5c-2398579abc39
2025-05-31 22:39:46 - Processing exercise: ./exercise/n8/de/1.0/n8-de.json 9 / 88
2025-05-31 22:39:46 - Registred UUID: 02853973-ca61-44eb-a6f0-db200d780f39 GUID: 2c0a8372-1073-4d3b-9f5c-2398579abc39
2025-05-31 22:39:46 - Processing exercise: ./exercise/t1/de/1.0/t1-de.json 10 / 88
2025-05-31 22:39:46 - Registred UUID: 02853973-ca61-44eb-a6f0-109298209174 GUID: 2c0a8372-1073-4d3b-9f5c-209385763736
2025-05-31 22:39:46 - Processing exercise: ./exercise/t2/de/1.0/t2-de.json 11 / 88
2025-05-31 22:39:46 - Registred UUID: 02853973-ca61-44eb-a6f0-102987519864 GUID: 2c0a8372-1073-4d3b-9f5c-120987561273
2025-05-31 22:39:46 - Processing exercise: ./exercise/t3/de/1.0/t3-de.json 12 / 88
2025-05-31 22:39:46 - Registred UUID: 02853973-ca61-44eb-a6f0-129857262711 GUID: 2c0a8372-1073-4d3b-9f5c-198257198275
2025-05-31 22:39:46 - Processing exercise: ./exercise/n9/de/1.0/n9-de.json 13 / 88
2025-05-31 22:39:46 - Registred UUID: 02853973-ca61-44eb-a6f0-db200d780f10 GUID: 2c0a8372-1073-4d3b-9f5c-239238527383
2025-05-31 22:39:46 - Processing exercise: ./exercise/n10/de/1.0/n10-de.json 14 / 88
2025-05-31 22:39:46 - Registred UUID: 34123421-ca61-44eb-a6f0-db200d780f10 GUID: 2c0a8372-1073-4d3b-9f5c-230587091872
2025-05-31 22:39:46 - Processing exercise: ./exercise/n14/de/1.0/n14-de.json 15 / 88
2025-05-31 22:39:46 - Registred UUID: 34123421-ca61-44eb-a6f0-fb200d780f10 GUID: 2c0a8372-1073-4d3b-9f5c-209843782653
2025-05-31 22:39:46 - Processing exercise: ./exercise/n15/de/1.0/n15-de.json 16 / 88
2025-05-31 22:39:46 - Registred UUID: 1aa60701-6939-4ba7-9f1c-53fbfed2686b GUID: 02d58e48-ddcb-4401-869a-c8e8a463a653
2025-05-31 22:39:46 - Processing exercise: ./exercise/n16/de/1.0/n16-de.json 17 / 88
2025-05-31 22:39:46 - Registred UUID: cff283f9-7344-4d48-acf2-0f7bf709276f GUID: 7cf1fbfd-0b70-48ef-9d18-bb5fc8419a55
2025-05-31 22:39:46 - Processing exercise: ./exercise/n17/de/1.0/n17-de.json 18 / 88
2025-05-31 22:39:46 - Registred UUID: f916e747-b91d-47ec-83ba-3037cebeebcb GUID: 5ed4f53b-aec7-472c-a733-c1b3b3cf6a18
2025-05-31 22:39:46 - Processing exercise: ./exercise/n23/de/1.0/n23-de.json 19 / 88
2025-05-31 22:39:46 - Registred UUID: ecc49ab8-1937-4d4a-8436-bea255df9c9b GUID: 8092f0bf-7bf5-4082-ab2c-92e9403967f0
2025-05-31 22:39:46 - Processing exercise: ./exercise/n24/de/1.0/n24-de.json 20 / 88
2025-05-31 22:39:46 - Registred UUID: 7315621c-f5d3-43cc-af4f-805ea3816c8b GUID: cc85e4ff-ce95-4192-9b9c-07372f6d7fdb
2025-05-31 22:39:46 - Processing exercise: ./exercise/n25/de/1.0/n25-de.json 21 / 88
2025-05-31 22:39:46 - Registred UUID: 8ca34bf7-741d-4ee3-b51a-06865305af9a GUID: 04e72fe3-a112-4eee-9352-964ca9fa0a13
2025-05-31 22:39:46 - Processing exercise: ./exercise/n26/de/1.0/n26-1-de.json 22 / 88
2025-05-31 22:39:46 - Registred UUID: 1b8ff4e1-05b9-4cf8-b0ef-d3c1eef100f1 GUID: f6cee806-99ef-4ccd-8b9e-2625f669adb8
2025-05-31 22:39:46 - Processing exercise: ./exercise/n26/de/1.0/n26-2-de.json 23 / 88
2025-05-31 22:39:46 - Registred UUID: 1b8ff4e1-05b9-4cf8-b0ef-d3c1eef100f1 GUID: fb35a6d7-5c2c-4a1b-9637-b43515e51775
2025-05-31 22:39:46 - Processing exercise: ./exercise/n1/en/1.0/n1-en.json 24 / 88
2025-05-31 22:39:46 - Registred UUID: e89de9cb-5ccc-4512-a077-38f7b983aef4 GUID: 429b0f2a5-1b8e-4d3b-9f5c-7a6d1e0f3a2b
2025-05-31 22:39:46 - Processing exercise: ./exercise/n4/en/1.1e/n4-1-en.json 25 / 88
2025-05-31 22:39:46 - Registred UUID: 048d25c1-ea62-4ee5-b78f-342798a9da82 GUID: 1092a837-1b8e-4d3b-9f5c-7a6d1e0f3a2b
2025-05-31 22:39:46 - Processing exercise: ./exercise/n4/en/1.1e/n4-2-en.json 26 / 88
2025-05-31 22:39:46 - Registred UUID: 048d25c1-ea62-4ee5-b78f-342798a9da82 GUID: 05b002a4-1b8e-4d3b-9f5c-7a6d1e0f3a2b
2025-05-31 22:39:46 - Processing exercise: ./exercise/n4/en/1.1e/n4-3-en.json 27 / 88
2025-05-31 22:39:46 - Registred UUID: 048d25c1-ea62-4ee5-b78f-342798a9da82 GUID: 21ac32df-1b8e-4d3b-9f5c-23a6d1e0f3a2b
2025-05-31 22:39:46 - Processing exercise: ./exercise/n4/en/1.1e/n4-4-en.json 28 / 88
2025-05-31 22:39:46 - Registred UUID: 048d25c1-ea62-4ee5-b78f-342798a9da82 GUID: 20397583-1b8e-4d3b-9f5c-23a6d1e0f3a2b
2025-05-31 22:39:46 - Processing exercise: ./exercise/n5/en/1.0/n5-en.json 29 / 88
2025-05-31 22:39:46 - Registred UUID: f4273154-ca61-44eb-a6f0-db200d780f38 GUID: 05b002a4-1b8e-4d3b-9f5c-7a6d1e0f312f
2025-05-31 22:39:46 - Processing exercise: ./exercise/n6/en/1.0/n6-en.json 30 / 88
2025-05-31 22:39:46 - Registred UUID: f4273154-ca61-44eb-a6f0-db200d780f39 GUID: 19999942-1b8e-4d3b-9f5c-2398579abc39
2025-05-31 22:39:46 - Processing exercise: ./exercise/n7/en/1.0/n7-en.json 31 / 88
2025-05-31 22:39:46 - Registred UUID: a2473154-ca61-44eb-a6f0-db200d780f39 GUID: 02398437-1073-4d3b-9f5c-2398579abc39
2025-05-31 22:39:46 - Processing exercise: ./exercise/n8/en/1.0/n8-en.json 32 / 88
2025-05-31 22:39:46 - Registred UUID: 02853973-ca61-44eb-a6f0-db200d780f39 GUID: 10047928-1073-4d3b-9f5c-2398579abc39
2025-05-31 22:39:46 - Processing exercise: ./exercise/t1/en/1.0/t1-en.json 33 / 88
2025-05-31 22:39:46 - Registred UUID: 02853973-ca61-44eb-a6f0-109298209174 GUID: 2c0a8372-1073-4d3b-9f5c-209385763737
2025-05-31 22:39:46 - Processing exercise: ./exercise/t2/en/1.0/t2-en.json 34 / 88
2025-05-31 22:39:46 - Registred UUID: 02853973-ca61-44eb-a6f0-102987519864 GUID: 2c0a8372-1073-4d3b-9f5c-120987561223
2025-05-31 22:39:46 - Processing exercise: ./exercise/t3/en/1.0/t3-en.json 35 / 88
2025-05-31 22:39:46 - Registred UUID: 02853973-ca61-44eb-a6f0-129857262711 GUID: 12987462-1073-4d3b-9f5c-120987561273
2025-05-31 22:39:46 - Processing exercise: ./exercise/n9/en/1.0/n9-en.json 36 / 88
2025-05-31 22:39:46 - Registred UUID: 02853973-ca61-44eb-a6f0-db200d780f10 GUID: 10047928-1073-4d3b-9f5c-198427198265
2025-05-31 22:39:46 - Processing exercise: ./exercise/n10/en/1.0/n10-en.json 37 / 88
2025-05-31 22:39:46 - Registred UUID: 34123421-ca61-44eb-a6f0-db200d780f10 GUID: 10047928-1073-4d3b-9f5c-172874618926
2025-05-31 22:39:46 - Processing exercise: ./exercise/n14/en/1.0/n14-en.json 38 / 88
2025-05-31 22:39:46 - Registred UUID: 34123421-ca61-44eb-a6f0-fb200d780f10 GUID: 10047928-1073-4d3b-9f5c-624352343132
2025-05-31 22:39:46 - Processing exercise: ./exercise/n15/en/1.0/n15-en.json 39 / 88
2025-05-31 22:39:46 - Registred UUID: 1aa60701-6939-4ba7-9f1c-53fbfed2686b GUID: 0163d8ec-b771-44db-9f6f-6546b4733395
2025-05-31 22:39:46 - Processing exercise: ./exercise/n16/en/1.0/n16-en.json 40 / 88
2025-05-31 22:39:46 - Registred UUID: cff283f9-7344-4d48-acf2-0f7bf709276f GUID: 76026e70-8f1d-4319-a13e-7f5c8955fc83
2025-05-31 22:39:46 - Processing exercise: ./exercise/n17/en/1.0/n17-en.json 41 / 88
2025-05-31 22:39:46 - Registred UUID: f916e747-b91d-47ec-83ba-3037cebeebcb GUID: 5f69f358-a92b-4593-ac73-5aaf0fcb5f33
2025-05-31 22:39:46 - Processing exercise: ./exercise/n23/en/1.0/n23-en.json 42 / 88
2025-05-31 22:39:46 - Registred UUID: ecc49ab8-1937-4d4a-8436-bea255df9c9b GUID: 887d0eeb-752d-454c-98be-4211f1b14647
2025-05-31 22:39:46 - Processing exercise: ./exercise/n24/en/1.0/n24-en.json 43 / 88
2025-05-31 22:39:46 - Registred UUID: 7315621c-f5d3-43cc-af4f-805ea3816c8b GUID: ad5daf78-d753-4dd9-b3c5-8d62f9acd212
2025-05-31 22:39:46 - Processing exercise: ./exercise/n25/en/1.0/n25-en.json 44 / 88
2025-05-31 22:39:46 - Registred UUID: 8ca34bf7-741d-4ee3-b51a-06865305af9a GUID: 006fe438-4c31-4b38-a199-f0b4144a2e00
2025-05-31 22:39:46 - Processing exercise: ./exercise/n26/en/1.0/n26-1-en.json 45 / 88
2025-05-31 22:39:46 - Registred UUID: 1b8ff4e1-05b9-4cf8-b0ef-d3c1eef100f1 GUID: 279441ee-c787-4429-9a05-1b35c79ef998
2025-05-31 22:39:46 - Processing exercise: ./exercise/n26/en/1.0/n26-2-en.json 46 / 88
2025-05-31 22:39:46 - Registred UUID: 1b8ff4e1-05b9-4cf8-b0ef-d3c1eef100f1 GUID: 920ac3eb-4f5f-40ee-9485-9426674da59a
2025-05-31 22:39:46 - Processing exercise: ./exercise/n26/es/1.0/n26-1-es.json 47 / 88
2025-05-31 22:39:46 - Registred UUID: 1b8ff4e1-05b9-4cf8-b0ef-d3c1eef100f1 GUID: 525848ab-3c75-46de-a638-918396abdd44
2025-05-31 22:39:46 - Processing exercise: ./exercise/n26/es/1.0/n26-2-es.json 48 / 88
2025-05-31 22:39:46 - Registred UUID: 1b8ff4e1-05b9-4cf8-b0ef-d3c1eef100f1 GUID: 67c0b382-7dd2-4ed8-b626-75c7228017b5
2025-05-31 22:39:46 - Processing exercise: ./exercise/n26/fn/1.0/n26-1-fn.json 49 / 88
2025-05-31 22:39:46 - Registred UUID: 1b8ff4e1-05b9-4cf8-b0ef-d3c1eef100f1 GUID: 2f62edea-11fe-4cd1-8f0c-5216db27cb0a
2025-05-31 22:39:46 - Processing exercise: ./exercise/n26/fn/1.0/n26-2-fn.json 50 / 88
2025-05-31 22:39:46 - Registred UUID: 1b8ff4e1-05b9-4cf8-b0ef-d3c1eef100f1 GUID: 7e1b0a60-c236-4804-a837-dc31db3746a1
2025-05-31 22:39:46 - Processing exercise: ./exercise/n1/fr/1.0/n1-fr.json 51 / 88
2025-05-31 22:39:46 - Registred UUID: e89de9cb-5ccc-4512-a077-38f7b983aef4 GUID: 12387420-1b8e-4d3b-9f5c-7a6d1e0f3a2b
2025-05-31 22:39:46 - Processing exercise: ./exercise/n14/fr/1.0/n14-fr.json 52 / 88
2025-05-31 22:39:46 - Registred UUID: 34123421-ca61-44eb-a6f0-fb200d780f10 GUID: b6ff31f3-7845-47a3-803d-792690b52f48
2025-05-31 22:39:46 - Processing exercise: ./exercise/n15/fr/1.0/n15-fr.json 53 / 88
2025-05-31 22:39:46 - Registred UUID: 1aa60701-6939-4ba7-9f1c-53fbfed2686b GUID: 731c2ede-a852-4e70-90bf-cec748f09bf2
2025-05-31 22:39:46 - Processing exercise: ./exercise/n16/fr/1.0/n16-fr.json 54 / 88
2025-05-31 22:39:46 - Registred UUID: cff283f9-7344-4d48-acf2-0f7bf709276f GUID: 1ae5432b-08b9-464d-a7d7-b20048523913
2025-05-31 22:39:46 - Processing exercise: ./exercise/n17/fr/1.0/n17-fr.json 55 / 88
2025-05-31 22:39:46 - Registred UUID: f916e747-b91d-47ec-83ba-3037cebeebcb GUID: b30962b2-bc30-497d-bb98-ee335aeacd7f
2025-05-31 22:39:46 - Processing exercise: ./exercise/n23/fr/1.0/n23-fr.json 56 / 88
2025-05-31 22:39:46 - Registred UUID: ecc49ab8-1937-4d4a-8436-bea255df9c9b GUID: 118ed990-622b-42c5-85ff-c2c3252befcd
2025-05-31 22:39:46 - Processing exercise: ./exercise/n24/fr/1.0/n24-fr.json 57 / 88
2025-05-31 22:39:46 - Registred UUID: 7315621c-f5d3-43cc-af4f-805ea3816c8b GUID: 5377267d-9aaa-4a14-86dc-4182c4a66fca
2025-05-31 22:39:46 - Processing exercise: ./exercise/n25/fr/1.0/n25-fr.json 58 / 88
2025-05-31 22:39:46 - Registred UUID: 8ca34bf7-741d-4ee3-b51a-06865305af9a GUID: 1cf99a90-2b19-471b-9f08-3371ac30d6c4
2025-05-31 22:39:46 - Processing exercise: ./exercise/n26/fr/1.0/n26-1-fr.json 59 / 88
2025-05-31 22:39:46 - Registred UUID: 1b8ff4e1-05b9-4cf8-b0ef-d3c1eef100f1 GUID: 9e3d5cfc-ad12-41ae-a13b-228b0eafc565
2025-05-31 22:39:46 - Processing exercise: ./exercise/n26/fr/1.0/n26-2-fr.json 60 / 88
2025-05-31 22:39:46 - Registred UUID: 1b8ff4e1-05b9-4cf8-b0ef-d3c1eef100f1 GUID: f7477982-9df6-482c-bbeb-ea0acd6e7fc2
2025-05-31 22:39:46 - Processing exercise: ./exercise/n26/it/1.0/n26-1-it.json 61 / 88
2025-05-31 22:39:46 - Registred UUID: 1b8ff4e1-05b9-4cf8-b0ef-d3c1eef100f1 GUID: 4d950882-f4cd-4549-b43a-547494aabfcb
2025-05-31 22:39:46 - Processing exercise: ./exercise/n26/it/1.0/n26-2-it.json 62 / 88
2025-05-31 22:39:46 - Registred UUID: 1b8ff4e1-05b9-4cf8-b0ef-d3c1eef100f1 GUID: 1a2cdc82-23b6-400a-8696-ac2ff5453644
2025-05-31 22:39:46 - Processing exercise: ./exercise/n14/jp/1.0/n14-jp.json 63 / 88
2025-05-31 22:39:46 - Registred UUID: 34123421-ca61-44eb-a6f0-fb200d780f10 GUID: 10047928-1073-4d3b-9f5c-624352343133
2025-05-31 22:39:46 - Processing exercise: ./exercise/n15/jp/1.0/n15-jp.json 64 / 88
2025-05-31 22:39:46 - Registred UUID: 1aa60701-6939-4ba7-9f1c-53fbfed2686b GUID: 0a989e7c-66a7-4a60-9a4a-b345009f7913
2025-05-31 22:39:46 - Processing exercise: ./exercise/n16/jp/1.0/n16-jp.json 65 / 88
2025-05-31 22:39:46 - Registred UUID: cff283f9-7344-4d48-acf2-0f7bf709276f GUID: 1fd4436b-f494-4cb6-a919-8784410bc93c
2025-05-31 22:39:46 - Processing exercise: ./exercise/n17/jp/1.0/n17-jp.json 66 / 88
2025-05-31 22:39:46 - Registred UUID: f916e747-b91d-47ec-83ba-3037cebeebcb GUID: fb2cb262-d694-4a23-a1a6-5a20b512ebea
2025-05-31 22:39:46 - Processing exercise: ./exercise/n23/jp/1.0/n23-jp.json 67 / 88
2025-05-31 22:39:46 - Registred UUID: ecc49ab8-1937-4d4a-8436-bea255df9c9b GUID: 27bbd441-79cc-47ec-8e15-375050f07157
2025-05-31 22:39:46 - Processing exercise: ./exercise/n24/jp/1.0/n24-jp.json 68 / 88
2025-05-31 22:39:46 - Registred UUID: 7315621c-f5d3-43cc-af4f-805ea3816c8b GUID: fa54f474-2db5-47ee-a259-b74482490238
2025-05-31 22:39:46 - Processing exercise: ./exercise/n25/jp/1.0/n25-jp.json 69 / 88
2025-05-31 22:39:46 - Registred UUID: 8ca34bf7-741d-4ee3-b51a-06865305af9a GUID: 572ebf6c-38dd-4582-ae7a-cb1aa9c89bc6
2025-05-31 22:39:46 - Processing exercise: ./exercise/n26/jp/1.0/n26-1-jp.json 70 / 88
2025-05-31 22:39:46 - Registred UUID: 1b8ff4e1-05b9-4cf8-b0ef-d3c1eef100f1 GUID: ca1d8bd6-4f76-4817-afc5-69c371568c78
2025-05-31 22:39:46 - Processing exercise: ./exercise/n26/jp/1.0/n26-2-jp.json 71 / 88
2025-05-31 22:39:46 - Registred UUID: 1b8ff4e1-05b9-4cf8-b0ef-d3c1eef100f1 GUID: 0650ce4c-c61a-42f3-b6fb-b67d7e1cb72e
2025-05-31 22:39:46 - Processing exercise: ./exercise/n17/kr/1.0/n17-kr.json 72 / 88
2025-05-31 22:39:46 - Registred UUID: f916e747-b91d-47ec-83ba-3037cebeebcb GUID: 9f422ceb-8266-4e27-8cfd-82c209652be8
2025-05-31 22:39:46 - Processing exercise: ./exercise/n23/kr/1.0/n23-kr.json 73 / 88
2025-05-31 22:39:46 - Registred UUID: ecc49ab8-1937-4d4a-8436-bea255df9c9b GUID: 14d934cc-2e6e-4211-9ebb-bdb997a9b657
2025-05-31 22:39:46 - Processing exercise: ./exercise/n24/kr/1.0/n24-kr.json 74 / 88
2025-05-31 22:39:46 - Registred UUID: 7315621c-f5d3-43cc-af4f-805ea3816c8b GUID: a7ceaf1b-e71e-4d76-a632-c2b9363d5583
2025-05-31 22:39:46 - Processing exercise: ./exercise/n25/kr/1.0/n25-kr.json 75 / 88
2025-05-31 22:39:46 - Registred UUID: 8ca34bf7-741d-4ee3-b51a-06865305af9a GUID: 6dbbe88e-8124-48cf-94c9-d265d50d0819
2025-05-31 22:39:46 - Processing exercise: ./exercise/n26/kr/1.0/n26-1-kr.json 76 / 88
2025-05-31 22:39:46 - Registred UUID: 1b8ff4e1-05b9-4cf8-b0ef-d3c1eef100f1 GUID: 0970abf7-9d2f-412d-89c1-93c46798ae58
2025-05-31 22:39:46 - Processing exercise: ./exercise/n26/kr/1.0/n26-2-kr.json 77 / 88
2025-05-31 22:39:46 - Registred UUID: 1b8ff4e1-05b9-4cf8-b0ef-d3c1eef100f1 GUID: a82cd709-3a5b-497f-81ec-b69f77755e82
2025-05-31 22:39:46 - Processing exercise: ./exercise/n26/pt/1.0/n26-1-pt.json 78 / 88
2025-05-31 22:39:46 - Registred UUID: 1b8ff4e1-05b9-4cf8-b0ef-d3c1eef100f1 GUID: 9e309e43-0357-4e95-89ba-1f2829a3d2aa
2025-05-31 22:39:46 - Processing exercise: ./exercise/n26/pt/1.0/n26-2-pt.json 79 / 88
2025-05-31 22:39:46 - Registred UUID: 1b8ff4e1-05b9-4cf8-b0ef-d3c1eef100f1 GUID: 607af60e-daec-4629-9c96-18188b12c16b
2025-05-31 22:39:46 - Processing exercise: ./exercise/n26/ru/1.0/n26-1-ru.json 80 / 88
2025-05-31 22:39:46 - Registred UUID: 1b8ff4e1-05b9-4cf8-b0ef-d3c1eef100f1 GUID: 38fb42ac-41f8-4594-8e1b-6c235ecee651
2025-05-31 22:39:46 - Processing exercise: ./exercise/n26/ru/1.0/n26-2-ru.json 81 / 88
2025-05-31 22:39:46 - Registred UUID: 1b8ff4e1-05b9-4cf8-b0ef-d3c1eef100f1 GUID: d7b65282-5963-4d3d-91b2-7ea7b5180cd4
2025-05-31 22:39:46 - Processing exercise: ./exercise/n26/vn/1.0/n26-1-vn.json 82 / 88
2025-05-31 22:39:46 - Registred UUID: 1b8ff4e1-05b9-4cf8-b0ef-d3c1eef100f1 GUID: e98a587c-c2b7-4363-9eda-4d7453bb5809
2025-05-31 22:39:46 - Processing exercise: ./exercise/n26/vn/1.0/n26-2-vn.json 83 / 88
2025-05-31 22:39:46 - Registred UUID: 1b8ff4e1-05b9-4cf8-b0ef-d3c1eef100f1 GUID: bb34f908-3f65-4add-8596-5d9bb5e1b3bb
2025-05-31 22:39:46 - Processing exercise: ./exercise/n23/zh/1.0/n23-zh.json 84 / 88
2025-05-31 22:39:46 - Registred UUID: ecc49ab8-1937-4d4a-8436-bea255df9c9b GUID: a94a62e4-a6bf-4386-8c65-5e294ef85c8d
2025-05-31 22:39:46 - Processing exercise: ./exercise/n24/zh/1.0/n24-zh.json 85 / 88
2025-05-31 22:39:46 - Registred UUID: 7315621c-f5d3-43cc-af4f-805ea3816c8b GUID: b14eff42-fdc0-4ebc-880f-05167a978cbe
2025-05-31 22:39:46 - Processing exercise: ./exercise/n25/zh/1.0/n25-zh.json 86 / 88
2025-05-31 22:39:46 - Registred UUID: 8ca34bf7-741d-4ee3-b51a-06865305af9a GUID: 07f300e8-9ad4-4552-8048-256b953aecc1
2025-05-31 22:39:46 - Processing exercise: ./exercise/n26/zh/1.0/n26-1-zh.json 87 / 88
2025-05-31 22:39:46 - Registred UUID: 1b8ff4e1-05b9-4cf8-b0ef-d3c1eef100f1 GUID: 70548499-05d5-4926-9c2d-70466c165b00
2025-05-31 22:39:46 - Processing exercise: ./exercise/n26/zh/1.0/n26-2-zh.json 88 / 88
2025-05-31 22:39:46 - Registred UUID: 1b8ff4e1-05b9-4cf8-b0ef-d3c1eef100f1 GUID: 0854d323-52c5-479f-8685-324bccfc0093
2025-05-31 22:39:46 - Generated exercise file: ./generated/exercise/de/No.1/PALL_No.1_de.tex
2025-05-31 22:39:46 - Generated solution file: ./generated/solution/de/No.1/PALL_No.1_de.tex
2025-05-31 22:39:47 - Generated exercise file: ./generated/exercise/de/No.4-1/PALL_No.4-1_de.tex
2025-05-31 22:39:47 - Generated solution file: ./generated/solution/de/No.4-1/PALL_No.4-1_de.tex
2025-05-31 22:39:47 - Generated exercise file: ./generated/exercise/de/No.4-2/PALL_No.4-2_de.tex
2025-05-31 22:39:47 - Generated solution file: ./generated/solution/de/No.4-2/PALL_No.4-2_de.tex
2025-05-31 22:39:47 - Generated exercise file: ./generated/exercise/de/No.4-3/PALL_No.4-3_de.tex
2025-05-31 22:39:47 - Generated solution file: ./generated/solution/de/No.4-3/PALL_No.4-3_de.tex
2025-05-31 22:39:47 - Generated exercise file: ./generated/exercise/de/No.4-4/PALL_No.4-4_de.tex
2025-05-31 22:39:47 - Generated solution file: ./generated/solution/de/No.4-4/PALL_No.4-4_de.tex
2025-05-31 22:39:47 - Generated exercise file: ./generated/exercise/de/No.5/PALL_No.5_de.tex
2025-05-31 22:39:47 - Generated solution file: ./generated/solution/de/No.5/PALL_No.5_de.tex
2025-05-31 22:39:47 - Generated exercise file: ./generated/exercise/de/No.6/PALL_No.6_de.tex
2025-05-31 22:39:47 - Generated solution file: ./generated/solution/de/No.6/PALL_No.6_de.tex
2025-05-31 22:39:47 - Generated exercise file: ./generated/exercise/de/No.7/PALL_No.7_de.tex
2025-05-31 22:39:47 - Generated solution file: ./generated/solution/de/No.7/PALL_No.7_de.tex
2025-05-31 22:39:47 - Generated exercise file: ./generated/exercise/de/No.8/PALL_No.8_de.tex
2025-05-31 22:39:47 - Generated solution file: ./generated/solution/de/No.8/PALL_No.8_de.tex
2025-05-31 22:39:47 - Generated exercise file: ./generated/exercise/de/Test.1/PALL_Test.1_de.tex
2025-05-31 22:39:47 - Generated solution file: ./generated/solution/de/Test.1/PALL_Test.1_de.tex
2025-05-31 22:39:47 - Generated exercise file: ./generated/exercise/de/Test.2/PALL_Test.2_de.tex
2025-05-31 22:39:47 - Generated solution file: ./generated/solution/de/Test.2/PALL_Test.2_de.tex
2025-05-31 22:39:47 - Generated exercise file: ./generated/exercise/de/Test.3/PALL_Test.3_de.tex
2025-05-31 22:39:47 - Generated solution file: ./generated/solution/de/Test.3/PALL_Test.3_de.tex
2025-05-31 22:39:48 - Generated exercise file: ./generated/exercise/de/No.9/PALL_No.9_de.tex
2025-05-31 22:39:48 - Generated solution file: ./generated/solution/de/No.9/PALL_No.9_de.tex
2025-05-31 22:39:48 - Generated exercise file: ./generated/exercise/de/No.10/PALL_No.10_de.tex
2025-05-31 22:39:48 - Generated solution file: ./generated/solution/de/No.10/PALL_No.10_de.tex
2025-05-31 22:39:48 - Generated exercise file: ./generated/exercise/de/No.14/PALL_No.14_de.tex
2025-05-31 22:39:48 - Generated solution file: ./generated/solution/de/No.14/PALL_No.14_de.tex
2025-05-31 22:39:48 - Generated exercise file: ./generated/exercise/de/No.15/PALL_No.15_de.tex
2025-05-31 22:39:48 - Generated solution file: ./generated/solution/de/No.15/PALL_No.15_de.tex
2025-05-31 22:39:48 - Generated exercise file: ./generated/exercise/de/No.16/PALL_No.16_de.tex
2025-05-31 22:39:48 - Generated solution file: ./generated/solution/de/No.16/PALL_No.16_de.tex
2025-05-31 22:39:48 - Generated exercise file: ./generated/exercise/de/No.17/PALL_No.17_de.tex
2025-05-31 22:39:48 - Generated solution file: ./generated/solution/de/No.17/PALL_No.17_de.tex
2025-05-31 22:39:48 - Generated exercise file: ./generated/exercise/de/No.23/PALL_No.23_de.tex
2025-05-31 22:39:48 - Generated solution file: ./generated/solution/de/No.23/PALL_No.23_de.tex
2025-05-31 22:39:48 - Generated exercise file: ./generated/exercise/de/No.24/PALL_No.24_de.tex
2025-05-31 22:39:48 - Generated solution file: ./generated/solution/de/No.24/PALL_No.24_de.tex
2025-05-31 22:39:48 - Generated exercise file: ./generated/exercise/de/No.25/PALL_No.25_de.tex
2025-05-31 22:39:48 - Generated solution file: ./generated/solution/de/No.25/PALL_No.25_de.tex
2025-05-31 22:39:49 - Generated exercise file: ./generated/exercise/de/No.26-1/PALL_No.26-1_de.tex
2025-05-31 22:39:49 - Generated solution file: ./generated/solution/de/No.26-1/PALL_No.26-1_de.tex
2025-05-31 22:39:49 - Generated exercise file: ./generated/exercise/de/No.26-2/PALL_No.26-2_de.tex
2025-05-31 22:39:49 - Generated solution file: ./generated/solution/de/No.26-2/PALL_No.26-2_de.tex
2025-05-31 22:39:49 - Generated exercise file: ./generated/exercise/en/No.1/PALL_No.1_en.tex
2025-05-31 22:39:49 - Generated solution file: ./generated/solution/en/No.1/PALL_No.1_en.tex
2025-05-31 22:39:49 - Generated exercise file: ./generated/exercise/en/No.4-1/PALL_No.4-1_en.tex
2025-05-31 22:39:49 - Generated solution file: ./generated/solution/en/No.4-1/PALL_No.4-1_en.tex
2025-05-31 22:39:49 - Generated exercise file: ./generated/exercise/en/No.4-2/PALL_No.4-2_en.tex
2025-05-31 22:39:49 - Generated solution file: ./generated/solution/en/No.4-2/PALL_No.4-2_en.tex
2025-05-31 22:39:49 - Generated exercise file: ./generated/exercise/en/No.4-3/PALL_No.4-3_en.tex
2025-05-31 22:39:49 - Generated solution file: ./generated/solution/en/No.4-3/PALL_No.4-3_en.tex
2025-05-31 22:39:50 - Generated exercise file: ./generated/exercise/en/No.4-4/PALL_No.4-4_en.tex
2025-05-31 22:39:50 - Generated solution file: ./generated/solution/en/No.4-4/PALL_No.4-4_en.tex
2025-05-31 22:39:50 - Generated exercise file: ./generated/exercise/en/No.5/PALL_No.5_en.tex
2025-05-31 22:39:50 - Generated solution file: ./generated/solution/en/No.5/PALL_No.5_en.tex
2025-05-31 22:39:50 - Generated exercise file: ./generated/exercise/en/No.6/PALL_No.6_en.tex
2025-05-31 22:39:50 - Generated solution file: ./generated/solution/en/No.6/PALL_No.6_en.tex
2025-05-31 22:39:50 - Generated exercise file: ./generated/exercise/en/No.7/PALL_No.7_en.tex
2025-05-31 22:39:50 - Generated solution file: ./generated/solution/en/No.7/PALL_No.7_en.tex
2025-05-31 22:39:50 - Generated exercise file: ./generated/exercise/en/No.8/PALL_No.8_en.tex
2025-05-31 22:39:50 - Generated solution file: ./generated/solution/en/No.8/PALL_No.8_en.tex
2025-05-31 22:39:50 - Generated exercise file: ./generated/exercise/en/Test.1/PALL_Test.1_en.tex
2025-05-31 22:39:50 - Generated solution file: ./generated/solution/en/Test.1/PALL_Test.1_en.tex
2025-05-31 22:39:50 - Generated exercise file: ./generated/exercise/en/Test.2/PALL_Test.2_en.tex
2025-05-31 22:39:50 - Generated solution file: ./generated/solution/en/Test.2/PALL_Test.2_en.tex
2025-05-31 22:39:50 - Generated exercise file: ./generated/exercise/en/Test.3/PALL_Test.3_en.tex
2025-05-31 22:39:50 - Generated solution file: ./generated/solution/en/Test.3/PALL_Test.3_en.tex
2025-05-31 22:39:51 - Generated exercise file: ./generated/exercise/en/No.9/PALL_No.9_en.tex
2025-05-31 22:39:51 - Generated solution file: ./generated/solution/en/No.9/PALL_No.9_en.tex
2025-05-31 22:39:51 - Generated exercise file: ./generated/exercise/en/No.10/PALL_No.10_en.tex
2025-05-31 22:39:51 - Generated solution file: ./generated/solution/en/No.10/PALL_No.10_en.tex
2025-05-31 22:39:51 - Generated exercise file: ./generated/exercise/en/No.14/PALL_No.14_en.tex
2025-05-31 22:39:51 - Generated solution file: ./generated/solution/en/No.14/PALL_No.14_en.tex
2025-05-31 22:39:51 - Generated exercise file: ./generated/exercise/en/No.15/PALL_No.15_en.tex
2025-05-31 22:39:51 - Generated solution file: ./generated/solution/en/No.15/PALL_No.15_en.tex
2025-05-31 22:39:51 - Generated exercise file: ./generated/exercise/en/No.16/PALL_No.16_en.tex
2025-05-31 22:39:51 - Generated solution file: ./generated/solution/en/No.16/PALL_No.16_en.tex
2025-05-31 22:39:51 - Generated exercise file: ./generated/exercise/en/No.17/PALL_No.17_en.tex
2025-05-31 22:39:51 - Generated solution file: ./generated/solution/en/No.17/PALL_No.17_en.tex
2025-05-31 22:39:51 - Generated exercise file: ./generated/exercise/en/No.23/PALL_No.23_en.tex
2025-05-31 22:39:51 - Generated solution file: ./generated/solution/en/No.23/PALL_No.23_en.tex
2025-05-31 22:39:51 - Generated exercise file: ./generated/exercise/en/No.24/PALL_No.24_en.tex
2025-05-31 22:39:51 - Generated solution file: ./generated/solution/en/No.24/PALL_No.24_en.tex
2025-05-31 22:39:51 - Generated exercise file: ./generated/exercise/en/No.25/PALL_No.25_en.tex
2025-05-31 22:39:51 - Generated solution file: ./generated/solution/en/No.25/PALL_No.25_en.tex
2025-05-31 22:39:52 - Generated exercise file: ./generated/exercise/en/No.26-1/PALL_No.26-1_en.tex
2025-05-31 22:39:52 - Generated solution file: ./generated/solution/en/No.26-1/PALL_No.26-1_en.tex
2025-05-31 22:39:52 - Generated exercise file: ./generated/exercise/en/No.26-2/PALL_No.26-2_en.tex
2025-05-31 22:39:52 - Generated solution file: ./generated/solution/en/No.26-2/PALL_No.26-2_en.tex
2025-05-31 22:39:52 - Generated exercise file: ./generated/exercise/es/No.n26-1/PALL_No.n26-1_es.tex
2025-05-31 22:39:52 - Generated solution file: ./generated/solution/es/No.n26-1/PALL_No.n26-1_es.tex
2025-05-31 22:39:52 - Generated exercise file: ./generated/exercise/es/No.n26-2/PALL_No.n26-2_es.tex
2025-05-31 22:39:52 - Generated solution file: ./generated/solution/es/No.n26-2/PALL_No.n26-2_es.tex
2025-05-31 22:39:52 - Generated exercise file: ./generated/exercise/fn/No.n26-1/PALL_No.n26-1_fn.tex
2025-05-31 22:39:52 - Generated solution file: ./generated/solution/fn/No.n26-1/PALL_No.n26-1_fn.tex
2025-05-31 22:39:52 - Generated exercise file: ./generated/exercise/fn/No.n26-2/PALL_No.n26-2_fn.tex
2025-05-31 22:39:52 - Generated solution file: ./generated/solution/fn/No.n26-2/PALL_No.n26-2_fn.tex
2025-05-31 22:39:53 - Generated exercise file: ./generated/exercise/fr/No.1/PALL_No.1_fr.tex
2025-05-31 22:39:53 - Generated solution file: ./generated/solution/fr/No.1/PALL_No.1_fr.tex
2025-05-31 22:39:53 - Generated exercise file: ./generated/exercise/fr/No.14/PALL_No.14_fr.tex
2025-05-31 22:39:53 - Generated solution file: ./generated/solution/fr/No.14/PALL_No.14_fr.tex
2025-05-31 22:39:53 - Generated exercise file: ./generated/exercise/fr/No.15/PALL_No.15_fr.tex
2025-05-31 22:39:53 - Generated solution file: ./generated/solution/fr/No.15/PALL_No.15_fr.tex
2025-05-31 22:39:53 - Generated exercise file: ./generated/exercise/fr/No.16/PALL_No.16_fr.tex
2025-05-31 22:39:53 - Generated solution file: ./generated/solution/fr/No.16/PALL_No.16_fr.tex
2025-05-31 22:39:53 - Generated exercise file: ./generated/exercise/fr/No.17/PALL_No.17_fr.tex
2025-05-31 22:39:53 - Generated solution file: ./generated/solution/fr/No.17/PALL_No.17_fr.tex
2025-05-31 22:39:53 - Generated exercise file: ./generated/exercise/fr/No.23/PALL_No.23_fr.tex
2025-05-31 22:39:53 - Generated solution file: ./generated/solution/fr/No.23/PALL_No.23_fr.tex
2025-05-31 22:39:53 - Generated exercise file: ./generated/exercise/fr/No.24/PALL_No.24_fr.tex
2025-05-31 22:39:53 - Generated solution file: ./generated/solution/fr/No.24/PALL_No.24_fr.tex
2025-05-31 22:39:53 - Generated exercise file: ./generated/exercise/fr/No.25/PALL_No.25_fr.tex
2025-05-31 22:39:53 - Generated solution file: ./generated/solution/fr/No.25/PALL_No.25_fr.tex
2025-05-31 22:39:54 - Generated exercise file: ./generated/exercise/fr/No.26-1/PALL_No.26-1_fr.tex
2025-05-31 22:39:54 - Generated solution file: ./generated/solution/fr/No.26-1/PALL_No.26-1_fr.tex
2025-05-31 22:39:54 - Generated exercise file: ./generated/exercise/fr/No.26-2/PALL_No.26-2_fr.tex
2025-05-31 22:39:54 - Generated solution file: ./generated/solution/fr/No.26-2/PALL_No.26-2_fr.tex
2025-05-31 22:39:54 - Generated exercise file: ./generated/exercise/it/No.n26-1/PALL_No.n26-1_it.tex
2025-05-31 22:39:54 - Generated solution file: ./generated/solution/it/No.n26-1/PALL_No.n26-1_it.tex
2025-05-31 22:39:54 - Generated exercise file: ./generated/exercise/it/No.n26-2/PALL_No.n26-2_it.tex
2025-05-31 22:39:54 - Generated solution file: ./generated/solution/it/No.n26-2/PALL_No.n26-2_it.tex
2025-05-31 22:39:54 - Generated exercise file: ./generated/exercise/jp/No.14/PALL_No.14_jp.tex
2025-05-31 22:39:54 - Generated solution file: ./generated/solution/jp/No.14/PALL_No.14_jp.tex
2025-05-31 22:39:54 - Generated exercise file: ./generated/exercise/jp/No.15/PALL_No.15_jp.tex
2025-05-31 22:39:54 - Generated solution file: ./generated/solution/jp/No.15/PALL_No.15_jp.tex
2025-05-31 22:39:54 - Generated exercise file: ./generated/exercise/jp/No.16/PALL_No.16_jp.tex
2025-05-31 22:39:54 - Generated solution file: ./generated/solution/jp/No.16/PALL_No.16_jp.tex
2025-05-31 22:39:54 - Generated exercise file: ./generated/exercise/jp/No.17/PALL_No.17_jp.tex
2025-05-31 22:39:54 - Generated solution file: ./generated/solution/jp/No.17/PALL_No.17_jp.tex
2025-05-31 22:39:55 - Generated exercise file: ./generated/exercise/jp/No.23/PALL_No.23_jp.tex
2025-05-31 22:39:55 - Generated solution file: ./generated/solution/jp/No.23/PALL_No.23_jp.tex
2025-05-31 22:39:55 - Generated exercise file: ./generated/exercise/jp/No.24/PALL_No.24_jp.tex
2025-05-31 22:39:55 - Generated solution file: ./generated/solution/jp/No.24/PALL_No.24_jp.tex
2025-05-31 22:39:55 - Generated exercise file: ./generated/exercise/jp/No.25/PALL_No.25_jp.tex
2025-05-31 22:39:55 - Generated solution file: ./generated/solution/jp/No.25/PALL_No.25_jp.tex
2025-05-31 22:39:55 - Generated exercise file: ./generated/exercise/jp/No.n26-1/PALL_No.n26-1_jp.tex
2025-05-31 22:39:55 - Generated solution file: ./generated/solution/jp/No.n26-1/PALL_No.n26-1_jp.tex
2025-05-31 22:39:55 - Generated exercise file: ./generated/exercise/jp/No.n26-2/PALL_No.n26-2_jp.tex
2025-05-31 22:39:55 - Generated solution file: ./generated/solution/jp/No.n26-2/PALL_No.n26-2_jp.tex
2025-05-31 22:39:55 - Generated exercise file: ./generated/exercise/kr/No.17/PALL_No.17_kr.tex
2025-05-31 22:39:55 - Generated solution file: ./generated/solution/kr/No.17/PALL_No.17_kr.tex
2025-05-31 22:39:55 - Generated exercise file: ./generated/exercise/kr/No.23/PALL_No.23_kr.tex
2025-05-31 22:39:55 - Generated solution file: ./generated/solution/kr/No.23/PALL_No.23_kr.tex
2025-05-31 22:39:55 - Generated exercise file: ./generated/exercise/kr/No.24/PALL_No.24_kr.tex
2025-05-31 22:39:55 - Generated solution file: ./generated/solution/kr/No.24/PALL_No.24_kr.tex
2025-05-31 22:39:56 - Generated exercise file: ./generated/exercise/kr/No.25/PALL_No.25_kr.tex
2025-05-31 22:39:56 - Generated solution file: ./generated/solution/kr/No.25/PALL_No.25_kr.tex
2025-05-31 22:39:56 - Generated exercise file: ./generated/exercise/kr/No.n26-1/PALL_No.n26-1_kr.tex
2025-05-31 22:39:56 - Generated solution file: ./generated/solution/kr/No.n26-1/PALL_No.n26-1_kr.tex
2025-05-31 22:39:56 - Generated exercise file: ./generated/exercise/kr/No.n26-2/PALL_No.n26-2_kr.tex
2025-05-31 22:39:56 - Generated solution file: ./generated/solution/kr/No.n26-2/PALL_No.n26-2_kr.tex
2025-05-31 22:39:56 - Generated exercise file: ./generated/exercise/pt/No.n26-1/PALL_No.n26-1_pt.tex
2025-05-31 22:39:56 - Generated solution file: ./generated/solution/pt/No.n26-1/PALL_No.n26-1_pt.tex
2025-05-31 22:39:56 - Generated exercise file: ./generated/exercise/pt/No.n26-2/PALL_No.n26-2_pt.tex
2025-05-31 22:39:56 - Generated solution file: ./generated/solution/pt/No.n26-2/PALL_No.n26-2_pt.tex
2025-05-31 22:39:56 - Generated exercise file: ./generated/exercise/ru/No.n26-1/PALL_No.n26-1_ru.tex
2025-05-31 22:39:56 - Generated solution file: ./generated/solution/ru/No.n26-1/PALL_No.n26-1_ru.tex
2025-05-31 22:39:56 - Generated exercise file: ./generated/exercise/ru/No.n26-2/PALL_No.n26-2_ru.tex
2025-05-31 22:39:56 - Generated solution file: ./generated/solution/ru/No.n26-2/PALL_No.n26-2_ru.tex
2025-05-31 22:39:57 - Generated exercise file: ./generated/exercise/vn/No.n26-1/PALL_No.n26-1_vn.tex
2025-05-31 22:39:57 - Generated solution file: ./generated/solution/vn/No.n26-1/PALL_No.n26-1_vn.tex
2025-05-31 22:39:57 - Generated exercise file: ./generated/exercise/vn/No.n26-2/PALL_No.n26-2_vn.tex
2025-05-31 22:39:57 - Generated solution file: ./generated/solution/vn/No.n26-2/PALL_No.n26-2_vn.tex
2025-05-31 22:39:57 - Generated exercise file: ./generated/exercise/zh/No.23/PALL_No.23_zh.tex
2025-05-31 22:39:57 - Generated solution file: ./generated/solution/zh/No.23/PALL_No.23_zh.tex
2025-05-31 22:39:57 - Generated exercise file: ./generated/exercise/zh/No.24/PALL_No.24_zh.tex
2025-05-31 22:39:57 - Generated solution file: ./generated/solution/zh/No.24/PALL_No.24_zh.tex
2025-05-31 22:39:57 - Generated exercise file: ./generated/exercise/zh/No.25/PALL_No.25_zh.tex
2025-05-31 22:39:57 - Generated solution file: ./generated/solution/zh/No.25/PALL_No.25_zh.tex
2025-05-31 22:39:57 - Generated exercise file: ./generated/exercise/zh/No.n26-1/PALL_No.n26-1_zh.tex
2025-05-31 22:39:57 - Generated solution file: ./generated/solution/zh/No.n26-1/PALL_No.n26-1_zh.tex
2025-05-31 22:39:57 - Generated exercise file: ./generated/exercise/zh/No.n26-2/PALL_No.n26-2_zh.tex
2025-05-31 22:39:57 - Generated solution file: ./generated/solution/zh/No.n26-2/PALL_No.n26-2_zh.tex
2025-05-31 22:39:59 - Copied and renamed template files to ./generated/PALL.
2025-05-31 22:39:59 - Copied and renamed template files to ./generated/solutionPALL.
2025-05-31 22:39:59 - Generated paper file: ./generated/PALL/PALL.tex
2025-05-31 22:39:59 - Generated paper file: ./generated/solutionPALL/solutionPALL.tex
2025-05-31 22:39:59 - Generating PDF for file: PALL.tex
2025-05-31 22:39:59 - Generating PDF for file: solutionPALL.tex
2025-05-31 22:40:21 - Finishing init PDF for file: PALL.tex
2025-05-31 22:40:28 - Finishing init PDF for file: solutionPALL.tex
2025-05-31 22:40:43 - Finishing content for file: PALL.tex
2025-05-31 22:41:01 - Finishing content for file: solutionPALL.tex
2025-05-31 22:41:05 - Finishing references and alignments for file: PALL.tex
2025-05-31 22:41:05 - PDF generation finished for file: PALL.tex
2025-05-31 22:41:25 - Finishing references and alignments for file: solutionPALL.tex
2025-05-31 22:41:25 - PDF generation finished for file: solutionPALL.tex
2025-05-31 22:41:25 - Removed file: ./generated\PALL\fonts\DMSerifDisplay\OFL.txt
2025-05-31 22:41:25 - Removed file: ./generated\PALL\fonts\DMSerifDisplay\DMSerifDisplay-Italic.ttf
2025-05-31 22:41:25 - Removed file: ./generated\PALL\fonts\DMSerifDisplay\DMSerifDisplay-Regular.ttf
2025-05-31 22:41:25 - Removed file: ./generated\PALL\fonts\EBGaramond\static\EBGaramond-Bold.ttf
2025-05-31 22:41:25 - Removed file: ./generated\PALL\fonts\EBGaramond\static\EBGaramond-BoldItalic.ttf
2025-05-31 22:41:25 - Removed file: ./generated\PALL\fonts\EBGaramond\static\EBGaramond-ExtraBold.ttf
2025-05-31 22:41:25 - Removed file: ./generated\PALL\fonts\EBGaramond\static\EBGaramond-ExtraBoldItalic.ttf
2025-05-31 22:41:25 - Removed file: ./generated\PALL\fonts\EBGaramond\static\EBGaramond-Italic.ttf
2025-05-31 22:41:25 - Removed file: ./generated\PALL\fonts\EBGaramond\static\EBGaramond-Medium.ttf
2025-05-31 22:41:25 - Removed file: ./generated\PALL\fonts\EBGaramond\static\EBGaramond-MediumItalic.ttf
2025-05-31 22:41:25 - Removed file: ./generated\PALL\fonts\EBGaramond\static\EBGaramond-Regular.ttf
2025-05-31 22:41:25 - Removed file: ./generated\PALL\fonts\EBGaramond\static\EBGaramond-SemiBold.ttf
2025-05-31 22:41:25 - Removed file: ./generated\PALL\fonts\EBGaramond\static\EBGaramond-SemiBoldItalic.ttf
2025-05-31 22:41:25 - Removed file: ./generated\PALL\fonts\EBGaramond\EBGaramond-Italic-VariableFont_wght.ttf
2025-05-31 22:41:25 - Removed file: ./generated\PALL\fonts\EBGaramond\EBGaramond-VariableFont_wght.ttf
2025-05-31 22:41:25 - Removed file: ./generated\PALL\fonts\EBGaramond\OFL.txt
2025-05-31 22:41:25 - Removed file: ./generated\PALL\fonts\EBGaramond\README.txt
2025-05-31 22:41:25 - Removed empty directory: ./generated\PALL\fonts\EBGaramond\static
2025-05-31 22:41:25 - Removed file: ./generated\PALL\fonts\NotoSerifCJK.ttc
2025-05-31 22:41:25 - Removed file: ./generated\PALL\fonts\NotoSerifCJK-VF.ttc
2025-05-31 22:41:25 - Removed empty directory: ./generated\PALL\fonts\DMSerifDisplay
2025-05-31 22:41:25 - Removed empty directory: ./generated\PALL\fonts\EBGaramond
2025-05-31 22:41:25 - Removed file: ./generated\PALL\banko.cls
2025-05-31 22:41:25 - Removed file: ./generated\PALL\PALL.tex
2025-05-31 22:41:25 - Removed file: ./generated\PALL\PALL.log
2025-05-31 22:41:25 - Removed file: ./generated\PALL\PALL.aux
2025-05-31 22:41:25 - Removed file: ./generated\PALL\PALL.out
2025-05-31 22:41:25 - Removed file: ./generated\PALL\PALL.bcf
2025-05-31 22:41:25 - Removed file: ./generated\PALL\PALL.toc
2025-05-31 22:41:25 - Removed file: ./generated\PALL\PALL.run.xml
2025-05-31 22:41:25 - Removed file: ./generated\PALL\PALL.synctex.gz
2025-05-31 22:41:25 - Removed empty directory: ./generated\PALL\fonts
2025-05-31 22:41:25 - Removed file: ./generated\solutionPALL\fonts\DMSerifDisplay\OFL.txt
2025-05-31 22:41:25 - Removed file: ./generated\solutionPALL\fonts\DMSerifDisplay\DMSerifDisplay-Italic.ttf
2025-05-31 22:41:25 - Removed file: ./generated\solutionPALL\fonts\DMSerifDisplay\DMSerifDisplay-Regular.ttf
2025-05-31 22:41:25 - Removed file: ./generated\solutionPALL\fonts\EBGaramond\static\EBGaramond-Bold.ttf
2025-05-31 22:41:25 - Removed file: ./generated\solutionPALL\fonts\EBGaramond\static\EBGaramond-BoldItalic.ttf
2025-05-31 22:41:25 - Removed file: ./generated\solutionPALL\fonts\EBGaramond\static\EBGaramond-ExtraBold.ttf
2025-05-31 22:41:25 - Removed file: ./generated\solutionPALL\fonts\EBGaramond\static\EBGaramond-ExtraBoldItalic.ttf
2025-05-31 22:41:25 - Removed file: ./generated\solutionPALL\fonts\EBGaramond\static\EBGaramond-Italic.ttf
2025-05-31 22:41:25 - Removed file: ./generated\solutionPALL\fonts\EBGaramond\static\EBGaramond-Medium.ttf
2025-05-31 22:41:25 - Removed file: ./generated\solutionPALL\fonts\EBGaramond\static\EBGaramond-MediumItalic.ttf
2025-05-31 22:41:25 - Removed file: ./generated\solutionPALL\fonts\EBGaramond\static\EBGaramond-Regular.ttf
2025-05-31 22:41:25 - Removed file: ./generated\solutionPALL\fonts\EBGaramond\static\EBGaramond-SemiBold.ttf
2025-05-31 22:41:25 - Removed file: ./generated\solutionPALL\fonts\EBGaramond\static\EBGaramond-SemiBoldItalic.ttf
2025-05-31 22:41:25 - Removed file: ./generated\solutionPALL\fonts\EBGaramond\EBGaramond-Italic-VariableFont_wght.ttf
2025-05-31 22:41:25 - Removed file: ./generated\solutionPALL\fonts\EBGaramond\EBGaramond-VariableFont_wght.ttf
2025-05-31 22:41:25 - Removed file: ./generated\solutionPALL\fonts\EBGaramond\OFL.txt
2025-05-31 22:41:25 - Removed file: ./generated\solutionPALL\fonts\EBGaramond\README.txt
2025-05-31 22:41:25 - Removed empty directory: ./generated\solutionPALL\fonts\EBGaramond\static
2025-05-31 22:41:25 - Removed file: ./generated\solutionPALL\fonts\NotoSerifCJK.ttc
2025-05-31 22:41:25 - Removed file: ./generated\solutionPALL\fonts\NotoSerifCJK-VF.ttc
2025-05-31 22:41:25 - Removed empty directory: ./generated\solutionPALL\fonts\DMSerifDisplay
2025-05-31 22:41:25 - Removed empty directory: ./generated\solutionPALL\fonts\EBGaramond
2025-05-31 22:41:25 - Removed file: ./generated\solutionPALL\banko.cls
2025-05-31 22:41:25 - Removed file: ./generated\solutionPALL\solutionPALL.tex
2025-05-31 22:41:25 - Removed file: ./generated\solutionPALL\solutionPALL.log
2025-05-31 22:41:25 - Removed file: ./generated\solutionPALL\solutionPALL.aux
2025-05-31 22:41:25 - Removed file: ./generated\solutionPALL\solutionPALL.out
2025-05-31 22:41:25 - Removed file: ./generated\solutionPALL\solutionPALL.bcf
2025-05-31 22:41:25 - Removed file: ./generated\solutionPALL\solutionPALL.toc
2025-05-31 22:41:25 - Removed file: ./generated\solutionPALL\solutionPALL.run.xml
2025-05-31 22:41:25 - Removed file: ./generated\solutionPALL\solutionPALL.synctex.gz
2025-05-31 22:41:25 - Removed empty directory: ./generated\solutionPALL\fonts
2025-05-31 22:41:25 - Removed file: ./generated\exercise\de\No.1\PALL_No.1_de.tex
2025-05-31 22:41:25 - Removed file: ./generated\exercise\de\No.4-1\PALL_No.4-1_de.tex
2025-05-31 22:41:25 - Removed file: ./generated\exercise\de\No.4-2\PALL_No.4-2_de.tex
2025-05-31 22:41:25 - Removed file: ./generated\exercise\de\No.4-3\PALL_No.4-3_de.tex
2025-05-31 22:41:25 - Removed file: ./generated\exercise\de\No.4-4\PALL_No.4-4_de.tex
2025-05-31 22:41:25 - Removed file: ./generated\exercise\de\No.5\PALL_No.5_de.tex
2025-05-31 22:41:25 - Removed file: ./generated\exercise\de\No.6\PALL_No.6_de.tex
2025-05-31 22:41:25 - Removed file: ./generated\exercise\de\No.7\PALL_No.7_de.tex
2025-05-31 22:41:25 - Removed file: ./generated\exercise\de\No.8\PALL_No.8_de.tex
2025-05-31 22:41:25 - Removed file: ./generated\exercise\de\Test.1\PALL_Test.1_de.tex
2025-05-31 22:41:25 - Removed file: ./generated\exercise\de\Test.2\PALL_Test.2_de.tex
2025-05-31 22:41:25 - Removed file: ./generated\exercise\de\Test.3\PALL_Test.3_de.tex
2025-05-31 22:41:25 - Removed file: ./generated\exercise\de\No.9\PALL_No.9_de.tex
2025-05-31 22:41:25 - Removed file: ./generated\exercise\de\No.10\PALL_No.10_de.tex
2025-05-31 22:41:25 - Removed file: ./generated\exercise\de\No.14\PALL_No.14_de.tex
2025-05-31 22:41:25 - Removed file: ./generated\exercise\de\No.15\PALL_No.15_de.tex
2025-05-31 22:41:25 - Removed file: ./generated\exercise\de\No.16\PALL_No.16_de.tex
2025-05-31 22:41:25 - Removed file: ./generated\exercise\de\No.17\PALL_No.17_de.tex
2025-05-31 22:41:25 - Removed file: ./generated\exercise\de\No.23\PALL_No.23_de.tex
2025-05-31 22:41:25 - Removed file: ./generated\exercise\de\No.24\PALL_No.24_de.tex
2025-05-31 22:41:25 - Removed file: ./generated\exercise\de\No.25\PALL_No.25_de.tex
2025-05-31 22:41:25 - Removed file: ./generated\exercise\de\No.26-1\PALL_No.26-1_de.tex
2025-05-31 22:41:25 - Removed file: ./generated\exercise\de\No.26-2\PALL_No.26-2_de.tex
2025-05-31 22:41:25 - Removed empty directory: ./generated\exercise\de\No.1
2025-05-31 22:41:25 - Removed empty directory: ./generated\exercise\de\No.4-1
2025-05-31 22:41:25 - Removed empty directory: ./generated\exercise\de\No.4-2
2025-05-31 22:41:25 - Removed empty directory: ./generated\exercise\de\No.4-3
2025-05-31 22:41:25 - Removed empty directory: ./generated\exercise\de\No.4-4
2025-05-31 22:41:25 - Removed empty directory: ./generated\exercise\de\No.5
2025-05-31 22:41:25 - Removed empty directory: ./generated\exercise\de\No.6
2025-05-31 22:41:25 - Removed empty directory: ./generated\exercise\de\No.7
2025-05-31 22:41:25 - Removed empty directory: ./generated\exercise\de\No.8
2025-05-31 22:41:25 - Removed empty directory: ./generated\exercise\de\Test.1
2025-05-31 22:41:25 - Removed empty directory: ./generated\exercise\de\Test.2
2025-05-31 22:41:25 - Removed empty directory: ./generated\exercise\de\Test.3
2025-05-31 22:41:25 - Removed empty directory: ./generated\exercise\de\No.9
2025-05-31 22:41:25 - Removed empty directory: ./generated\exercise\de\No.10
2025-05-31 22:41:25 - Removed empty directory: ./generated\exercise\de\No.14
2025-05-31 22:41:25 - Removed empty directory: ./generated\exercise\de\No.15
2025-05-31 22:41:25 - Removed empty directory: ./generated\exercise\de\No.16
2025-05-31 22:41:25 - Removed empty directory: ./generated\exercise\de\No.17
2025-05-31 22:41:25 - Removed empty directory: ./generated\exercise\de\No.23
2025-05-31 22:41:25 - Removed empty directory: ./generated\exercise\de\No.24
2025-05-31 22:41:25 - Removed empty directory: ./generated\exercise\de\No.25
2025-05-31 22:41:25 - Removed empty directory: ./generated\exercise\de\No.26-1
2025-05-31 22:41:25 - Removed empty directory: ./generated\exercise\de\No.26-2
2025-05-31 22:41:25 - Removed file: ./generated\exercise\en\No.1\PALL_No.1_en.tex
2025-05-31 22:41:25 - Removed file: ./generated\exercise\en\No.4-1\PALL_No.4-1_en.tex
2025-05-31 22:41:25 - Removed file: ./generated\exercise\en\No.4-2\PALL_No.4-2_en.tex
2025-05-31 22:41:25 - Removed file: ./generated\exercise\en\No.4-3\PALL_No.4-3_en.tex
2025-05-31 22:41:25 - Removed file: ./generated\exercise\en\No.4-4\PALL_No.4-4_en.tex
2025-05-31 22:41:25 - Removed file: ./generated\exercise\en\No.5\PALL_No.5_en.tex
2025-05-31 22:41:25 - Removed file: ./generated\exercise\en\No.6\PALL_No.6_en.tex
2025-05-31 22:41:25 - Removed file: ./generated\exercise\en\No.7\PALL_No.7_en.tex
2025-05-31 22:41:25 - Removed file: ./generated\exercise\en\No.8\PALL_No.8_en.tex
2025-05-31 22:41:25 - Removed file: ./generated\exercise\en\Test.1\PALL_Test.1_en.tex
2025-05-31 22:41:25 - Removed file: ./generated\exercise\en\Test.2\PALL_Test.2_en.tex
2025-05-31 22:41:25 - Removed file: ./generated\exercise\en\Test.3\PALL_Test.3_en.tex
2025-05-31 22:41:25 - Removed file: ./generated\exercise\en\No.9\PALL_No.9_en.tex
2025-05-31 22:41:25 - Removed file: ./generated\exercise\en\No.10\PALL_No.10_en.tex
2025-05-31 22:41:25 - Removed file: ./generated\exercise\en\No.14\PALL_No.14_en.tex
2025-05-31 22:41:25 - Removed file: ./generated\exercise\en\No.15\PALL_No.15_en.tex
2025-05-31 22:41:25 - Removed file: ./generated\exercise\en\No.16\PALL_No.16_en.tex
2025-05-31 22:41:25 - Removed file: ./generated\exercise\en\No.17\PALL_No.17_en.tex
2025-05-31 22:41:25 - Removed file: ./generated\exercise\en\No.23\PALL_No.23_en.tex
2025-05-31 22:41:25 - Removed file: ./generated\exercise\en\No.24\PALL_No.24_en.tex
2025-05-31 22:41:25 - Removed file: ./generated\exercise\en\No.25\PALL_No.25_en.tex
2025-05-31 22:41:25 - Removed file: ./generated\exercise\en\No.26-1\PALL_No.26-1_en.tex
2025-05-31 22:41:25 - Removed file: ./generated\exercise\en\No.26-2\PALL_No.26-2_en.tex
2025-05-31 22:41:25 - Removed empty directory: ./generated\exercise\en\No.1
2025-05-31 22:41:25 - Removed empty directory: ./generated\exercise\en\No.4-1
2025-05-31 22:41:25 - Removed empty directory: ./generated\exercise\en\No.4-2
2025-05-31 22:41:25 - Removed empty directory: ./generated\exercise\en\No.4-3
2025-05-31 22:41:25 - Removed empty directory: ./generated\exercise\en\No.4-4
2025-05-31 22:41:25 - Removed empty directory: ./generated\exercise\en\No.5
2025-05-31 22:41:25 - Removed empty directory: ./generated\exercise\en\No.6
2025-05-31 22:41:25 - Removed empty directory: ./generated\exercise\en\No.7
2025-05-31 22:41:25 - Removed empty directory: ./generated\exercise\en\No.8
2025-05-31 22:41:25 - Removed empty directory: ./generated\exercise\en\Test.1
2025-05-31 22:41:25 - Removed empty directory: ./generated\exercise\en\Test.2
2025-05-31 22:41:25 - Removed empty directory: ./generated\exercise\en\Test.3
2025-05-31 22:41:25 - Removed empty directory: ./generated\exercise\en\No.9
2025-05-31 22:41:25 - Removed empty directory: ./generated\exercise\en\No.10
2025-05-31 22:41:25 - Removed empty directory: ./generated\exercise\en\No.14
2025-05-31 22:41:25 - Removed empty directory: ./generated\exercise\en\No.15
2025-05-31 22:41:25 - Removed empty directory: ./generated\exercise\en\No.16
2025-05-31 22:41:25 - Removed empty directory: ./generated\exercise\en\No.17
2025-05-31 22:41:25 - Removed empty directory: ./generated\exercise\en\No.23
2025-05-31 22:41:25 - Removed empty directory: ./generated\exercise\en\No.24
2025-05-31 22:41:25 - Removed empty directory: ./generated\exercise\en\No.25
2025-05-31 22:41:25 - Removed empty directory: ./generated\exercise\en\No.26-1
2025-05-31 22:41:25 - Removed empty directory: ./generated\exercise\en\No.26-2
2025-05-31 22:41:25 - Removed file: ./generated\exercise\es\No.n26-1\PALL_No.n26-1_es.tex
2025-05-31 22:41:25 - Removed file: ./generated\exercise\es\No.n26-2\PALL_No.n26-2_es.tex
2025-05-31 22:41:25 - Removed empty directory: ./generated\exercise\es\No.n26-1
2025-05-31 22:41:25 - Removed empty directory: ./generated\exercise\es\No.n26-2
2025-05-31 22:41:25 - Removed file: ./generated\exercise\fn\No.n26-1\PALL_No.n26-1_fn.tex
2025-05-31 22:41:25 - Removed file: ./generated\exercise\fn\No.n26-2\PALL_No.n26-2_fn.tex
2025-05-31 22:41:25 - Removed empty directory: ./generated\exercise\fn\No.n26-1
2025-05-31 22:41:25 - Removed empty directory: ./generated\exercise\fn\No.n26-2
2025-05-31 22:41:25 - Removed file: ./generated\exercise\fr\No.1\PALL_No.1_fr.tex
2025-05-31 22:41:25 - Removed file: ./generated\exercise\fr\No.14\PALL_No.14_fr.tex
2025-05-31 22:41:25 - Removed file: ./generated\exercise\fr\No.15\PALL_No.15_fr.tex
2025-05-31 22:41:25 - Removed file: ./generated\exercise\fr\No.16\PALL_No.16_fr.tex
2025-05-31 22:41:25 - Removed file: ./generated\exercise\fr\No.17\PALL_No.17_fr.tex
2025-05-31 22:41:25 - Removed file: ./generated\exercise\fr\No.23\PALL_No.23_fr.tex
2025-05-31 22:41:25 - Removed file: ./generated\exercise\fr\No.24\PALL_No.24_fr.tex
2025-05-31 22:41:25 - Removed file: ./generated\exercise\fr\No.25\PALL_No.25_fr.tex
2025-05-31 22:41:25 - Removed file: ./generated\exercise\fr\No.26-1\PALL_No.26-1_fr.tex
2025-05-31 22:41:25 - Removed file: ./generated\exercise\fr\No.26-2\PALL_No.26-2_fr.tex
2025-05-31 22:41:25 - Removed empty directory: ./generated\exercise\fr\No.1
2025-05-31 22:41:25 - Removed empty directory: ./generated\exercise\fr\No.14
2025-05-31 22:41:25 - Removed empty directory: ./generated\exercise\fr\No.15
2025-05-31 22:41:25 - Removed empty directory: ./generated\exercise\fr\No.16
2025-05-31 22:41:25 - Removed empty directory: ./generated\exercise\fr\No.17
2025-05-31 22:41:25 - Removed empty directory: ./generated\exercise\fr\No.23
2025-05-31 22:41:25 - Removed empty directory: ./generated\exercise\fr\No.24
2025-05-31 22:41:25 - Removed empty directory: ./generated\exercise\fr\No.25
2025-05-31 22:41:25 - Removed empty directory: ./generated\exercise\fr\No.26-1
2025-05-31 22:41:25 - Removed empty directory: ./generated\exercise\fr\No.26-2
2025-05-31 22:41:25 - Removed file: ./generated\exercise\it\No.n26-1\PALL_No.n26-1_it.tex
2025-05-31 22:41:25 - Removed file: ./generated\exercise\it\No.n26-2\PALL_No.n26-2_it.tex
2025-05-31 22:41:25 - Removed empty directory: ./generated\exercise\it\No.n26-1
2025-05-31 22:41:25 - Removed empty directory: ./generated\exercise\it\No.n26-2
2025-05-31 22:41:25 - Removed file: ./generated\exercise\jp\No.14\PALL_No.14_jp.tex
2025-05-31 22:41:25 - Removed file: ./generated\exercise\jp\No.15\PALL_No.15_jp.tex
2025-05-31 22:41:25 - Removed file: ./generated\exercise\jp\No.16\PALL_No.16_jp.tex
2025-05-31 22:41:25 - Removed file: ./generated\exercise\jp\No.17\PALL_No.17_jp.tex
2025-05-31 22:41:25 - Removed file: ./generated\exercise\jp\No.23\PALL_No.23_jp.tex
2025-05-31 22:41:25 - Removed file: ./generated\exercise\jp\No.24\PALL_No.24_jp.tex
2025-05-31 22:41:25 - Removed file: ./generated\exercise\jp\No.25\PALL_No.25_jp.tex
2025-05-31 22:41:25 - Removed file: ./generated\exercise\jp\No.n26-1\PALL_No.n26-1_jp.tex
2025-05-31 22:41:25 - Removed file: ./generated\exercise\jp\No.n26-2\PALL_No.n26-2_jp.tex
2025-05-31 22:41:25 - Removed empty directory: ./generated\exercise\jp\No.14
2025-05-31 22:41:25 - Removed empty directory: ./generated\exercise\jp\No.15
2025-05-31 22:41:25 - Removed empty directory: ./generated\exercise\jp\No.16
2025-05-31 22:41:25 - Removed empty directory: ./generated\exercise\jp\No.17
2025-05-31 22:41:25 - Removed empty directory: ./generated\exercise\jp\No.23
2025-05-31 22:41:25 - Removed empty directory: ./generated\exercise\jp\No.24
2025-05-31 22:41:25 - Removed empty directory: ./generated\exercise\jp\No.25
2025-05-31 22:41:25 - Removed empty directory: ./generated\exercise\jp\No.n26-1
2025-05-31 22:41:25 - Removed empty directory: ./generated\exercise\jp\No.n26-2
2025-05-31 22:41:25 - Removed file: ./generated\exercise\kr\No.17\PALL_No.17_kr.tex
2025-05-31 22:41:25 - Removed file: ./generated\exercise\kr\No.23\PALL_No.23_kr.tex
2025-05-31 22:41:25 - Removed file: ./generated\exercise\kr\No.24\PALL_No.24_kr.tex
2025-05-31 22:41:25 - Removed file: ./generated\exercise\kr\No.25\PALL_No.25_kr.tex
2025-05-31 22:41:25 - Removed file: ./generated\exercise\kr\No.n26-1\PALL_No.n26-1_kr.tex
2025-05-31 22:41:25 - Removed file: ./generated\exercise\kr\No.n26-2\PALL_No.n26-2_kr.tex
2025-05-31 22:41:25 - Removed empty directory: ./generated\exercise\kr\No.17
2025-05-31 22:41:25 - Removed empty directory: ./generated\exercise\kr\No.23
2025-05-31 22:41:25 - Removed empty directory: ./generated\exercise\kr\No.24
2025-05-31 22:41:25 - Removed empty directory: ./generated\exercise\kr\No.25
2025-05-31 22:41:25 - Removed empty directory: ./generated\exercise\kr\No.n26-1
2025-05-31 22:41:25 - Removed empty directory: ./generated\exercise\kr\No.n26-2
2025-05-31 22:41:25 - Removed file: ./generated\exercise\pt\No.n26-1\PALL_No.n26-1_pt.tex
2025-05-31 22:41:25 - Removed file: ./generated\exercise\pt\No.n26-2\PALL_No.n26-2_pt.tex
2025-05-31 22:41:25 - Removed empty directory: ./generated\exercise\pt\No.n26-1
2025-05-31 22:41:25 - Removed empty directory: ./generated\exercise\pt\No.n26-2
2025-05-31 22:41:25 - Removed file: ./generated\exercise\ru\No.n26-1\PALL_No.n26-1_ru.tex
2025-05-31 22:41:25 - Removed file: ./generated\exercise\ru\No.n26-2\PALL_No.n26-2_ru.tex
2025-05-31 22:41:25 - Removed empty directory: ./generated\exercise\ru\No.n26-1
2025-05-31 22:41:25 - Removed empty directory: ./generated\exercise\ru\No.n26-2
2025-05-31 22:41:25 - Removed file: ./generated\exercise\vn\No.n26-1\PALL_No.n26-1_vn.tex
2025-05-31 22:41:25 - Removed file: ./generated\exercise\vn\No.n26-2\PALL_No.n26-2_vn.tex
2025-05-31 22:41:25 - Removed empty directory: ./generated\exercise\vn\No.n26-1
2025-05-31 22:41:25 - Removed empty directory: ./generated\exercise\vn\No.n26-2
2025-05-31 22:41:25 - Removed file: ./generated\exercise\zh\No.23\PALL_No.23_zh.tex
2025-05-31 22:41:25 - Removed file: ./generated\exercise\zh\No.24\PALL_No.24_zh.tex
2025-05-31 22:41:25 - Removed file: ./generated\exercise\zh\No.25\PALL_No.25_zh.tex
2025-05-31 22:41:25 - Removed file: ./generated\exercise\zh\No.n26-1\PALL_No.n26-1_zh.tex
2025-05-31 22:41:25 - Removed file: ./generated\exercise\zh\No.n26-2\PALL_No.n26-2_zh.tex
2025-05-31 22:41:25 - Removed empty directory: ./generated\exercise\zh\No.23
2025-05-31 22:41:25 - Removed empty directory: ./generated\exercise\zh\No.24
2025-05-31 22:41:25 - Removed empty directory: ./generated\exercise\zh\No.25
2025-05-31 22:41:25 - Removed empty directory: ./generated\exercise\zh\No.n26-1
2025-05-31 22:41:25 - Removed empty directory: ./generated\exercise\zh\No.n26-2
2025-05-31 22:41:25 - Removed empty directory: ./generated\exercise\de
2025-05-31 22:41:25 - Removed empty directory: ./generated\exercise\en
2025-05-31 22:41:25 - Removed empty directory: ./generated\exercise\es
2025-05-31 22:41:25 - Removed empty directory: ./generated\exercise\fn
2025-05-31 22:41:25 - Removed empty directory: ./generated\exercise\fr
2025-05-31 22:41:25 - Removed empty directory: ./generated\exercise\it
2025-05-31 22:41:25 - Removed empty directory: ./generated\exercise\jp
2025-05-31 22:41:25 - Removed empty directory: ./generated\exercise\kr
2025-05-31 22:41:25 - Removed empty directory: ./generated\exercise\pt
2025-05-31 22:41:25 - Removed empty directory: ./generated\exercise\ru
2025-05-31 22:41:25 - Removed empty directory: ./generated\exercise\vn
2025-05-31 22:41:25 - Removed empty directory: ./generated\exercise\zh
2025-05-31 22:41:25 - Removed file: ./generated\solution\de\No.1\PALL_No.1_de.tex
2025-05-31 22:41:25 - Removed file: ./generated\solution\de\No.4-1\PALL_No.4-1_de.tex
2025-05-31 22:41:25 - Removed file: ./generated\solution\de\No.4-2\PALL_No.4-2_de.tex
2025-05-31 22:41:25 - Removed file: ./generated\solution\de\No.4-3\PALL_No.4-3_de.tex
2025-05-31 22:41:25 - Removed file: ./generated\solution\de\No.4-4\PALL_No.4-4_de.tex
2025-05-31 22:41:25 - Removed file: ./generated\solution\de\No.5\PALL_No.5_de.tex
2025-05-31 22:41:25 - Removed file: ./generated\solution\de\No.6\PALL_No.6_de.tex
2025-05-31 22:41:25 - Removed file: ./generated\solution\de\No.7\PALL_No.7_de.tex
2025-05-31 22:41:25 - Removed file: ./generated\solution\de\No.8\PALL_No.8_de.tex
2025-05-31 22:41:25 - Removed file: ./generated\solution\de\Test.1\PALL_Test.1_de.tex
2025-05-31 22:41:25 - Removed file: ./generated\solution\de\Test.2\PALL_Test.2_de.tex
2025-05-31 22:41:25 - Removed file: ./generated\solution\de\Test.3\PALL_Test.3_de.tex
2025-05-31 22:41:25 - Removed file: ./generated\solution\de\No.9\PALL_No.9_de.tex
2025-05-31 22:41:25 - Removed file: ./generated\solution\de\No.10\PALL_No.10_de.tex
2025-05-31 22:41:25 - Removed file: ./generated\solution\de\No.14\PALL_No.14_de.tex
2025-05-31 22:41:25 - Removed file: ./generated\solution\de\No.15\PALL_No.15_de.tex
2025-05-31 22:41:25 - Removed file: ./generated\solution\de\No.16\PALL_No.16_de.tex
2025-05-31 22:41:25 - Removed file: ./generated\solution\de\No.17\PALL_No.17_de.tex
2025-05-31 22:41:25 - Removed file: ./generated\solution\de\No.23\PALL_No.23_de.tex
2025-05-31 22:41:25 - Removed file: ./generated\solution\de\No.24\PALL_No.24_de.tex
2025-05-31 22:41:25 - Removed file: ./generated\solution\de\No.25\PALL_No.25_de.tex
2025-05-31 22:41:25 - Removed file: ./generated\solution\de\No.26-1\PALL_No.26-1_de.tex
2025-05-31 22:41:25 - Removed file: ./generated\solution\de\No.26-2\PALL_No.26-2_de.tex
2025-05-31 22:41:25 - Removed empty directory: ./generated\solution\de\No.1
2025-05-31 22:41:25 - Removed empty directory: ./generated\solution\de\No.4-1
2025-05-31 22:41:25 - Removed empty directory: ./generated\solution\de\No.4-2
2025-05-31 22:41:25 - Removed empty directory: ./generated\solution\de\No.4-3
2025-05-31 22:41:25 - Removed empty directory: ./generated\solution\de\No.4-4
2025-05-31 22:41:25 - Removed empty directory: ./generated\solution\de\No.5
2025-05-31 22:41:25 - Removed empty directory: ./generated\solution\de\No.6
2025-05-31 22:41:25 - Removed empty directory: ./generated\solution\de\No.7
2025-05-31 22:41:25 - Removed empty directory: ./generated\solution\de\No.8
2025-05-31 22:41:25 - Removed empty directory: ./generated\solution\de\Test.1
2025-05-31 22:41:25 - Removed empty directory: ./generated\solution\de\Test.2
2025-05-31 22:41:25 - Removed empty directory: ./generated\solution\de\Test.3
2025-05-31 22:41:25 - Removed empty directory: ./generated\solution\de\No.9
2025-05-31 22:41:25 - Removed empty directory: ./generated\solution\de\No.10
2025-05-31 22:41:25 - Removed empty directory: ./generated\solution\de\No.14
2025-05-31 22:41:25 - Removed empty directory: ./generated\solution\de\No.15
2025-05-31 22:41:25 - Removed empty directory: ./generated\solution\de\No.16
2025-05-31 22:41:25 - Removed empty directory: ./generated\solution\de\No.17
2025-05-31 22:41:25 - Removed empty directory: ./generated\solution\de\No.23
2025-05-31 22:41:25 - Removed empty directory: ./generated\solution\de\No.24
2025-05-31 22:41:25 - Removed empty directory: ./generated\solution\de\No.25
2025-05-31 22:41:25 - Removed empty directory: ./generated\solution\de\No.26-1
2025-05-31 22:41:25 - Removed empty directory: ./generated\solution\de\No.26-2
2025-05-31 22:41:25 - Removed file: ./generated\solution\en\No.1\PALL_No.1_en.tex
2025-05-31 22:41:25 - Removed file: ./generated\solution\en\No.4-1\PALL_No.4-1_en.tex
2025-05-31 22:41:25 - Removed file: ./generated\solution\en\No.4-2\PALL_No.4-2_en.tex
2025-05-31 22:41:25 - Removed file: ./generated\solution\en\No.4-3\PALL_No.4-3_en.tex
2025-05-31 22:41:25 - Removed file: ./generated\solution\en\No.4-4\PALL_No.4-4_en.tex
2025-05-31 22:41:25 - Removed file: ./generated\solution\en\No.5\PALL_No.5_en.tex
2025-05-31 22:41:25 - Removed file: ./generated\solution\en\No.6\PALL_No.6_en.tex
2025-05-31 22:41:25 - Removed file: ./generated\solution\en\No.7\PALL_No.7_en.tex
2025-05-31 22:41:25 - Removed file: ./generated\solution\en\No.8\PALL_No.8_en.tex
2025-05-31 22:41:25 - Removed file: ./generated\solution\en\Test.1\PALL_Test.1_en.tex
2025-05-31 22:41:26 - Removed file: ./generated\solution\en\Test.2\PALL_Test.2_en.tex
2025-05-31 22:41:26 - Removed file: ./generated\solution\en\Test.3\PALL_Test.3_en.tex
2025-05-31 22:41:26 - Removed file: ./generated\solution\en\No.9\PALL_No.9_en.tex
2025-05-31 22:41:26 - Removed file: ./generated\solution\en\No.10\PALL_No.10_en.tex
2025-05-31 22:41:26 - Removed file: ./generated\solution\en\No.14\PALL_No.14_en.tex
2025-05-31 22:41:26 - Removed file: ./generated\solution\en\No.15\PALL_No.15_en.tex
2025-05-31 22:41:26 - Removed file: ./generated\solution\en\No.16\PALL_No.16_en.tex
2025-05-31 22:41:26 - Removed file: ./generated\solution\en\No.17\PALL_No.17_en.tex
2025-05-31 22:41:26 - Removed file: ./generated\solution\en\No.23\PALL_No.23_en.tex
2025-05-31 22:41:26 - Removed file: ./generated\solution\en\No.24\PALL_No.24_en.tex
2025-05-31 22:41:26 - Removed file: ./generated\solution\en\No.25\PALL_No.25_en.tex
2025-05-31 22:41:26 - Removed file: ./generated\solution\en\No.26-1\PALL_No.26-1_en.tex
2025-05-31 22:41:26 - Removed file: ./generated\solution\en\No.26-2\PALL_No.26-2_en.tex
2025-05-31 22:41:26 - Removed empty directory: ./generated\solution\en\No.1
2025-05-31 22:41:26 - Removed empty directory: ./generated\solution\en\No.4-1
2025-05-31 22:41:26 - Removed empty directory: ./generated\solution\en\No.4-2
2025-05-31 22:41:26 - Removed empty directory: ./generated\solution\en\No.4-3
2025-05-31 22:41:26 - Removed empty directory: ./generated\solution\en\No.4-4
2025-05-31 22:41:26 - Removed empty directory: ./generated\solution\en\No.5
2025-05-31 22:41:26 - Removed empty directory: ./generated\solution\en\No.6
2025-05-31 22:41:26 - Removed empty directory: ./generated\solution\en\No.7
2025-05-31 22:41:26 - Removed empty directory: ./generated\solution\en\No.8
2025-05-31 22:41:26 - Removed empty directory: ./generated\solution\en\Test.1
2025-05-31 22:41:26 - Removed empty directory: ./generated\solution\en\Test.2
2025-05-31 22:41:26 - Removed empty directory: ./generated\solution\en\Test.3
2025-05-31 22:41:26 - Removed empty directory: ./generated\solution\en\No.9
2025-05-31 22:41:26 - Removed empty directory: ./generated\solution\en\No.10
2025-05-31 22:41:26 - Removed empty directory: ./generated\solution\en\No.14
2025-05-31 22:41:26 - Removed empty directory: ./generated\solution\en\No.15
2025-05-31 22:41:26 - Removed empty directory: ./generated\solution\en\No.16
2025-05-31 22:41:26 - Removed empty directory: ./generated\solution\en\No.17
2025-05-31 22:41:26 - Removed empty directory: ./generated\solution\en\No.23
2025-05-31 22:41:26 - Removed empty directory: ./generated\solution\en\No.24
2025-05-31 22:41:26 - Removed empty directory: ./generated\solution\en\No.25
2025-05-31 22:41:26 - Removed empty directory: ./generated\solution\en\No.26-1
2025-05-31 22:41:26 - Removed empty directory: ./generated\solution\en\No.26-2
2025-05-31 22:41:26 - Removed file: ./generated\solution\es\No.n26-1\PALL_No.n26-1_es.tex
2025-05-31 22:41:26 - Removed file: ./generated\solution\es\No.n26-2\PALL_No.n26-2_es.tex
2025-05-31 22:41:26 - Removed empty directory: ./generated\solution\es\No.n26-1
2025-05-31 22:41:26 - Removed empty directory: ./generated\solution\es\No.n26-2
2025-05-31 22:41:26 - Removed file: ./generated\solution\fn\No.n26-1\PALL_No.n26-1_fn.tex
2025-05-31 22:41:26 - Removed file: ./generated\solution\fn\No.n26-2\PALL_No.n26-2_fn.tex
2025-05-31 22:41:26 - Removed empty directory: ./generated\solution\fn\No.n26-1
2025-05-31 22:41:26 - Removed empty directory: ./generated\solution\fn\No.n26-2
2025-05-31 22:41:26 - Removed file: ./generated\solution\fr\No.1\PALL_No.1_fr.tex
2025-05-31 22:41:26 - Removed file: ./generated\solution\fr\No.14\PALL_No.14_fr.tex
2025-05-31 22:41:26 - Removed file: ./generated\solution\fr\No.15\PALL_No.15_fr.tex
2025-05-31 22:41:26 - Removed file: ./generated\solution\fr\No.16\PALL_No.16_fr.tex
2025-05-31 22:41:26 - Removed file: ./generated\solution\fr\No.17\PALL_No.17_fr.tex
2025-05-31 22:41:26 - Removed file: ./generated\solution\fr\No.23\PALL_No.23_fr.tex
2025-05-31 22:41:26 - Removed file: ./generated\solution\fr\No.24\PALL_No.24_fr.tex
2025-05-31 22:41:26 - Removed file: ./generated\solution\fr\No.25\PALL_No.25_fr.tex
2025-05-31 22:41:26 - Removed file: ./generated\solution\fr\No.26-1\PALL_No.26-1_fr.tex
2025-05-31 22:41:26 - Removed file: ./generated\solution\fr\No.26-2\PALL_No.26-2_fr.tex
2025-05-31 22:41:26 - Removed empty directory: ./generated\solution\fr\No.1
2025-05-31 22:41:26 - Removed empty directory: ./generated\solution\fr\No.14
2025-05-31 22:41:26 - Removed empty directory: ./generated\solution\fr\No.15
2025-05-31 22:41:26 - Removed empty directory: ./generated\solution\fr\No.16
2025-05-31 22:41:26 - Removed empty directory: ./generated\solution\fr\No.17
2025-05-31 22:41:26 - Removed empty directory: ./generated\solution\fr\No.23
2025-05-31 22:41:26 - Removed empty directory: ./generated\solution\fr\No.24
2025-05-31 22:41:26 - Removed empty directory: ./generated\solution\fr\No.25
2025-05-31 22:41:26 - Removed empty directory: ./generated\solution\fr\No.26-1
2025-05-31 22:41:26 - Removed empty directory: ./generated\solution\fr\No.26-2
2025-05-31 22:41:26 - Removed file: ./generated\solution\it\No.n26-1\PALL_No.n26-1_it.tex
2025-05-31 22:41:26 - Removed file: ./generated\solution\it\No.n26-2\PALL_No.n26-2_it.tex
2025-05-31 22:41:26 - Removed empty directory: ./generated\solution\it\No.n26-1
2025-05-31 22:41:26 - Removed empty directory: ./generated\solution\it\No.n26-2
2025-05-31 22:41:26 - Removed file: ./generated\solution\jp\No.14\PALL_No.14_jp.tex
2025-05-31 22:41:26 - Removed file: ./generated\solution\jp\No.15\PALL_No.15_jp.tex
2025-05-31 22:41:26 - Removed file: ./generated\solution\jp\No.16\PALL_No.16_jp.tex
2025-05-31 22:41:26 - Removed file: ./generated\solution\jp\No.17\PALL_No.17_jp.tex
2025-05-31 22:41:26 - Removed file: ./generated\solution\jp\No.23\PALL_No.23_jp.tex
2025-05-31 22:41:26 - Removed file: ./generated\solution\jp\No.24\PALL_No.24_jp.tex
2025-05-31 22:41:26 - Removed file: ./generated\solution\jp\No.25\PALL_No.25_jp.tex
2025-05-31 22:41:26 - Removed file: ./generated\solution\jp\No.n26-1\PALL_No.n26-1_jp.tex
2025-05-31 22:41:26 - Removed file: ./generated\solution\jp\No.n26-2\PALL_No.n26-2_jp.tex
2025-05-31 22:41:26 - Removed empty directory: ./generated\solution\jp\No.14
2025-05-31 22:41:26 - Removed empty directory: ./generated\solution\jp\No.15
2025-05-31 22:41:26 - Removed empty directory: ./generated\solution\jp\No.16
2025-05-31 22:41:26 - Removed empty directory: ./generated\solution\jp\No.17
2025-05-31 22:41:26 - Removed empty directory: ./generated\solution\jp\No.23
2025-05-31 22:41:26 - Removed empty directory: ./generated\solution\jp\No.24
2025-05-31 22:41:26 - Removed empty directory: ./generated\solution\jp\No.25
2025-05-31 22:41:26 - Removed empty directory: ./generated\solution\jp\No.n26-1
2025-05-31 22:41:26 - Removed empty directory: ./generated\solution\jp\No.n26-2
2025-05-31 22:41:26 - Removed file: ./generated\solution\kr\No.17\PALL_No.17_kr.tex
2025-05-31 22:41:26 - Removed file: ./generated\solution\kr\No.23\PALL_No.23_kr.tex
2025-05-31 22:41:26 - Removed file: ./generated\solution\kr\No.24\PALL_No.24_kr.tex
2025-05-31 22:41:26 - Removed file: ./generated\solution\kr\No.25\PALL_No.25_kr.tex
2025-05-31 22:41:26 - Removed file: ./generated\solution\kr\No.n26-1\PALL_No.n26-1_kr.tex
2025-05-31 22:41:26 - Removed file: ./generated\solution\kr\No.n26-2\PALL_No.n26-2_kr.tex
2025-05-31 22:41:26 - Removed empty directory: ./generated\solution\kr\No.17
2025-05-31 22:41:26 - Removed empty directory: ./generated\solution\kr\No.23
2025-05-31 22:41:26 - Removed empty directory: ./generated\solution\kr\No.24
2025-05-31 22:41:26 - Removed empty directory: ./generated\solution\kr\No.25
2025-05-31 22:41:26 - Removed empty directory: ./generated\solution\kr\No.n26-1
2025-05-31 22:41:26 - Removed empty directory: ./generated\solution\kr\No.n26-2
2025-05-31 22:41:26 - Removed file: ./generated\solution\pt\No.n26-1\PALL_No.n26-1_pt.tex
2025-05-31 22:41:26 - Removed file: ./generated\solution\pt\No.n26-2\PALL_No.n26-2_pt.tex
2025-05-31 22:41:26 - Removed empty directory: ./generated\solution\pt\No.n26-1
2025-05-31 22:41:26 - Removed empty directory: ./generated\solution\pt\No.n26-2
2025-05-31 22:41:26 - Removed file: ./generated\solution\ru\No.n26-1\PALL_No.n26-1_ru.tex
2025-05-31 22:41:26 - Removed file: ./generated\solution\ru\No.n26-2\PALL_No.n26-2_ru.tex
2025-05-31 22:41:26 - Removed empty directory: ./generated\solution\ru\No.n26-1
2025-05-31 22:41:26 - Removed empty directory: ./generated\solution\ru\No.n26-2
2025-05-31 22:41:26 - Removed file: ./generated\solution\vn\No.n26-1\PALL_No.n26-1_vn.tex
2025-05-31 22:41:26 - Removed file: ./generated\solution\vn\No.n26-2\PALL_No.n26-2_vn.tex
2025-05-31 22:41:26 - Removed empty directory: ./generated\solution\vn\No.n26-1
2025-05-31 22:41:26 - Removed empty directory: ./generated\solution\vn\No.n26-2
2025-05-31 22:41:26 - Removed file: ./generated\solution\zh\No.23\PALL_No.23_zh.tex
2025-05-31 22:41:26 - Removed file: ./generated\solution\zh\No.24\PALL_No.24_zh.tex
2025-05-31 22:41:26 - Removed file: ./generated\solution\zh\No.25\PALL_No.25_zh.tex
2025-05-31 22:41:26 - Removed file: ./generated\solution\zh\No.n26-1\PALL_No.n26-1_zh.tex
2025-05-31 22:41:26 - Removed file: ./generated\solution\zh\No.n26-2\PALL_No.n26-2_zh.tex
2025-05-31 22:41:26 - Removed empty directory: ./generated\solution\zh\No.23
2025-05-31 22:41:26 - Removed empty directory: ./generated\solution\zh\No.24
2025-05-31 22:41:26 - Removed empty directory: ./generated\solution\zh\No.25
2025-05-31 22:41:26 - Removed empty directory: ./generated\solution\zh\No.n26-1
2025-05-31 22:41:26 - Removed empty directory: ./generated\solution\zh\No.n26-2
2025-05-31 22:41:26 - Removed empty directory: ./generated\solution\de
2025-05-31 22:41:26 - Removed empty directory: ./generated\solution\en
2025-05-31 22:41:26 - Removed empty directory: ./generated\solution\es
2025-05-31 22:41:26 - Removed empty directory: ./generated\solution\fn
2025-05-31 22:41:26 - Removed empty directory: ./generated\solution\fr
2025-05-31 22:41:26 - Removed empty directory: ./generated\solution\it
2025-05-31 22:41:26 - Removed empty directory: ./generated\solution\jp
2025-05-31 22:41:26 - Removed empty directory: ./generated\solution\kr
2025-05-31 22:41:26 - Removed empty directory: ./generated\solution\pt
2025-05-31 22:41:26 - Removed empty directory: ./generated\solution\ru
2025-05-31 22:41:26 - Removed empty directory: ./generated\solution\vn
2025-05-31 22:41:26 - Removed empty directory: ./generated\solution\zh
2025-05-31 22:41:26 - Removed empty directory: ./generated\exercise
2025-05-31 22:41:26 - Removed empty directory: ./generated\solution
2025-05-31 22:41:26 - Cleaned 'generated' directory, keeping only PDF files.
2025-05-31 22:41:26 - Execution time: 0:01:40.165440
